2023-01-28 16:49:40.050 [info] Log level: Info
2023-01-28 16:49:40.050 [info] Validating found git in: "git"
2023-01-28 16:49:40.050 [info] Using git "2.39.1" from "git"
2023-01-28 16:49:40.050 [info] > git rev-parse --show-toplevel [5ms]
2023-01-28 16:49:40.051 [info] > git rev-parse --git-dir --git-common-dir [2ms]
2023-01-28 16:49:40.051 [info] Open repository: /home/vani/Documents/Projects/vanillyn site/autolibrary
2023-01-28 16:49:40.250 [info] > git config --get commit.template [205ms]
2023-01-28 16:49:40.250 [info] > git rev-parse --show-toplevel [214ms]
2023-01-28 16:49:40.259 [info] > git for-each-ref --format=%(refname)%00%(upstream:short)%00%(objectname)%00%(upstream:track)%00%(upstream:remotename)%00%(upstream:remoteref) refs/heads/main refs/remotes/main [2ms]
2023-01-28 16:49:40.325 [info] > git status -z -uall [59ms]
2023-01-28 16:49:40.350 [info] > git for-each-ref --sort -committerdate --format %(refname) %(objectname) %(*objectname) [73ms]
2023-01-28 16:49:40.449 [info] > git show --textconv :index.html [79ms]
2023-01-28 16:49:40.459 [info] > git config --get commit.template [30ms]
2023-01-28 16:49:40.459 [info] > git ls-files --stage -- /home/vani/Documents/Projects/vanillyn site/autolibrary/index.html [75ms]
2023-01-28 16:49:40.469 [info] > git fetch [442ms]
2023-01-28 16:49:40.497 [info] > git cat-file -s b2d99d7915440731c00ecb2da96b2431e66cb006 [29ms]
2023-01-28 16:49:40.518 [info] > git config --get commit.template [23ms]
2023-01-28 16:49:40.520 [info] > git for-each-ref --format=%(refname)%00%(upstream:short)%00%(objectname)%00%(upstream:track)%00%(upstream:remotename)%00%(upstream:remoteref) refs/heads/main refs/remotes/main [4ms]
2023-01-28 16:49:40.535 [info] > git for-each-ref --format=%(refname)%00%(upstream:short)%00%(objectname)%00%(upstream:track)%00%(upstream:remotename)%00%(upstream:remoteref) refs/heads/main refs/remotes/main [6ms]
2023-01-28 16:49:40.573 [info] > git status -z -uall [26ms]
2023-01-28 16:49:40.573 [info] > git check-ignore -v -z --stdin [3ms]
2023-01-28 16:49:40.574 [info] > git for-each-ref --sort -committerdate --format %(refname) %(objectname) %(*objectname) [17ms]
2023-01-28 16:49:40.796 [info] > git config --local branch.main.github-pr-owner-number [1ms]
2023-01-28 16:49:41.588 [info] > git ls-files --stage -- /home/vani/Documents/Projects/vanillyn site/autolibrary/index.html [0ms]
2023-01-28 16:49:41.600 [info] > git cat-file -s b2d99d7915440731c00ecb2da96b2431e66cb006 [2ms]
2023-01-28 16:49:41.620 [info] > git show --textconv :index.html [1ms]
2023-01-28 16:49:44.279 [info] > git add -A -- . [2ms]
2023-01-28 16:49:44.289 [info] > git -c user.useConfigOnly=true commit --quiet --allow-empty-message --file - [4ms]
2023-01-28 16:49:44.301 [info] > git config --get commit.template [3ms]
2023-01-28 16:49:44.319 [info] > git config --get commit.template [7ms]
2023-01-28 16:49:44.319 [info] > git for-each-ref --format=%(refname)%00%(upstream:short)%00%(objectname)%00%(upstream:track)%00%(upstream:remotename)%00%(upstream:remoteref) refs/heads/main refs/remotes/main [1ms]
2023-01-28 16:49:44.337 [info] > git status -z -uall [10ms]
2023-01-28 16:49:44.338 [info] > git for-each-ref --sort -committerdate --format %(refname) %(objectname) %(*objectname) [4ms]
2023-01-28 16:49:44.398 [info] > git config --local branch.main.github-pr-owner-number [2ms]
2023-01-28 16:49:44.424 [info] > git config --get commit.template [9ms]
2023-01-28 16:49:44.425 [info] > git for-each-ref --format=%(refname)%00%(upstream:short)%00%(objectname)%00%(upstream:track)%00%(upstream:remotename)%00%(upstream:remoteref) refs/heads/main refs/remotes/main [1ms]
2023-01-28 16:49:44.444 [info] > git status -z -uall [12ms]
2023-01-28 16:49:44.445 [info] > git for-each-ref --sort -committerdate --format %(refname) %(objectname) %(*objectname) [2ms]
2023-01-28 16:49:45.157 [info] > git log --oneline --cherry main...main@{upstream} -- [1ms]
2023-01-28 16:49:45.422 [info] > git pull --tags origin main [257ms]
2023-01-28 16:49:45.422 [info] From https://github.com/vanillyn/autolibrary
 * branch            main       -> FETCH_HEAD
2023-01-28 16:49:46.588 [info] > git ls-files --stage -- /home/vani/Documents/Projects/vanillyn site/autolibrary/index.html [1ms]
2023-01-28 16:49:46.598 [info] > git cat-file -s be10ca82db7499c4a23c8fc59904d45fec785caf [1ms]
2023-01-28 16:49:46.614 [info] > git show --textconv :index.html [2ms]
2023-01-28 16:49:46.966 [info] > git push origin main:main [1537ms]
2023-01-28 16:49:46.966 [info] To https://github.com/vanillyn/autolibrary
   fff7e50..1cf625d  main -> main
2023-01-28 16:49:46.977 [info] > git config --get commit.template [1ms]
2023-01-28 16:49:46.985 [info] > git for-each-ref --format=%(refname)%00%(upstream:short)%00%(objectname)%00%(upstream:track)%00%(upstream:remotename)%00%(upstream:remoteref) refs/heads/main refs/remotes/main [1ms]
2023-01-28 16:49:46.998 [info] > git status -z -uall [7ms]
2023-01-28 16:49:46.999 [info] > git for-each-ref --sort -committerdate --format %(refname) %(objectname) %(*objectname) [2ms]
2023-01-28 16:49:47.048 [info] > git config --local branch.main.github-pr-owner-number [2ms]
2023-01-28 16:50:12.412 [info] > git config --get commit.template [19ms]
2023-01-28 16:50:12.413 [info] > git ls-files --stage -- /home/vani/Documents/Projects/vanillyn site/autolibrary/index.html [2ms]
2023-01-28 16:50:12.418 [info] > git for-each-ref --format=%(refname)%00%(upstream:short)%00%(objectname)%00%(upstream:track)%00%(upstream:remotename)%00%(upstream:remoteref) refs/heads/main refs/remotes/main [18ms]
2023-01-28 16:50:12.430 [info] > git status -z -uall [6ms]
2023-01-28 16:50:12.430 [info] > git cat-file -s be10ca82db7499c4a23c8fc59904d45fec785caf [12ms]
2023-01-28 16:50:12.431 [info] > git for-each-ref --sort -committerdate --format %(refname) %(objectname) %(*objectname) [2ms]
2023-01-28 16:50:12.444 [info] > git show --textconv :index.html [2ms]
