2023-01-27 17:52:23.392 [info] Log level: Info
2023-01-27 17:52:23.392 [info] Validating found git in: "git"
2023-01-27 17:52:23.392 [info] Using git "2.39.1" from "git"
2023-01-27 17:52:23.392 [info] > git rev-parse --show-toplevel [14ms]
2023-01-27 17:52:23.394 [info] > git rev-parse --git-dir --git-common-dir [170ms]
2023-01-27 17:52:23.397 [info] Open repository: /home/vani/Documents/Projects/autolibrary
2023-01-27 17:52:23.464 [info] > git config --get commit.template [50ms]
2023-01-27 17:52:23.464 [info] > git rev-parse --show-toplevel [58ms]
2023-01-27 17:52:23.559 [info] > git for-each-ref --format=%(refname)%00%(upstream:short)%00%(objectname)%00%(upstream:track)%00%(upstream:remotename)%00%(upstream:remoteref) refs/heads/main refs/remotes/main [82ms]
2023-01-27 17:52:23.578 [info] > git status -z -uall [12ms]
2023-01-27 17:52:23.579 [info] > git for-each-ref --sort -committerdate --format %(refname) %(objectname) %(*objectname) [3ms]
2023-01-27 17:52:23.625 [info] > git config --get commit.template [30ms]
2023-01-27 17:52:23.643 [info] > git for-each-ref --format=%(refname)%00%(upstream:short)%00%(objectname)%00%(upstream:track)%00%(upstream:remotename)%00%(upstream:remoteref) refs/heads/main refs/remotes/main [6ms]
2023-01-27 17:52:23.661 [info] > git status -z -uall [9ms]
2023-01-27 17:52:23.727 [info] > git for-each-ref --sort -committerdate --format %(refname) %(objectname) %(*objectname) [69ms]
2023-01-27 17:52:23.822 [info] > git show --textconv :index.html [12ms]
2023-01-27 17:52:23.823 [info] > git ls-files --stage -- /home/vani/Documents/Projects/autolibrary/index.html [5ms]
2023-01-27 17:52:23.831 [info] > git cat-file -s 931fdfa121303b63a619bf1ccae71fed97a5189e [2ms]
2023-01-27 17:52:23.887 [info] > git config --local branch.main.github-pr-owner-number [2ms]
2023-01-27 17:52:24.010 [info] > git check-ignore -v -z --stdin [2ms]
2023-01-27 17:52:27.606 [info] > git fetch [261ms]
2023-01-27 17:52:27.621 [info] > git config --get commit.template [7ms]
2023-01-27 17:52:27.622 [info] > git for-each-ref --format=%(refname)%00%(upstream:short)%00%(objectname)%00%(upstream:track)%00%(upstream:remotename)%00%(upstream:remoteref) refs/heads/main refs/remotes/main [2ms]
2023-01-27 17:52:27.636 [info] > git status -z -uall [6ms]
2023-01-27 17:52:27.636 [info] > git for-each-ref --sort -committerdate --format %(refname) %(objectname) %(*objectname) [1ms]
2023-01-27 17:52:28.666 [info] > git config --get commit.template [5ms]
2023-01-27 17:52:28.667 [info] > git for-each-ref --format=%(refname)%00%(upstream:short)%00%(objectname)%00%(upstream:track)%00%(upstream:remotename)%00%(upstream:remoteref) refs/heads/main refs/remotes/main [1ms]
2023-01-27 17:52:28.678 [info] > git status -z -uall [4ms]
2023-01-27 17:52:28.679 [info] > git for-each-ref --sort -committerdate --format %(refname) %(objectname) %(*objectname) [1ms]
2023-01-27 17:52:28.765 [info] > git ls-files --stage -- /home/vani/Documents/Projects/autolibrary/index.html [1ms]
2023-01-27 17:52:28.773 [info] > git cat-file -s 931fdfa121303b63a619bf1ccae71fed97a5189e [1ms]
2023-01-27 17:52:28.782 [info] > git show --textconv :index.html [1ms]
2023-01-27 17:52:33.980 [info] > git show --textconv :libParse.js [21ms]
2023-01-27 17:52:33.980 [info] > git ls-files --stage -- /home/vani/Documents/Projects/autolibrary/libParse.js [14ms]
2023-01-27 17:52:33.988 [info] > git cat-file -s 4dcf8ee817760ea0bff6291de8dcec1af2bc0974 [1ms]
2023-01-27 17:52:35.839 [info] > git show --textconv :jquery-csv.js [9ms]
2023-01-27 17:52:35.840 [info] > git ls-files --stage -- /home/vani/Documents/Projects/autolibrary/jquery-csv.js [3ms]
2023-01-27 17:52:35.848 [info] > git cat-file -s 14fd3edbf0059802787979163a67de8092063c90 [1ms]
2023-01-27 17:54:39.871 [info] > git ls-files --stage -- /home/vani/Documents/Projects/autolibrary/library.csv [3ms]
2023-01-27 17:54:39.882 [info] > git show --textconv :library.csv [22ms]
2023-01-27 17:54:39.882 [info] > git cat-file -s 2445454c13f031bfce3313edc0a9b388eab48097 [2ms]
2023-01-27 17:55:27.906 [info] > git fetch [263ms]
2023-01-27 17:55:27.917 [info] > git config --get commit.template [5ms]
2023-01-27 17:55:27.917 [info] > git for-each-ref --format=%(refname)%00%(upstream:short)%00%(objectname)%00%(upstream:track)%00%(upstream:remotename)%00%(upstream:remoteref) refs/heads/main refs/remotes/main [1ms]
2023-01-27 17:55:27.926 [info] > git status -z -uall [4ms]
2023-01-27 17:55:27.927 [info] > git for-each-ref --sort -committerdate --format %(refname) %(objectname) %(*objectname) [1ms]
2023-01-27 17:55:28.966 [info] > git config --get commit.template [5ms]
2023-01-27 17:55:28.966 [info] > git for-each-ref --format=%(refname)%00%(upstream:short)%00%(objectname)%00%(upstream:track)%00%(upstream:remotename)%00%(upstream:remoteref) refs/heads/main refs/remotes/main [1ms]
2023-01-27 17:55:28.976 [info] > git status -z -uall [4ms]
2023-01-27 17:55:28.977 [info] > git for-each-ref --sort -committerdate --format %(refname) %(objectname) %(*objectname) [2ms]
2023-01-27 17:55:29.073 [info] > git ls-files --stage -- /home/vani/Documents/Projects/autolibrary/libParse.js [5ms]
2023-01-27 17:55:29.077 [info] > git ls-files --stage -- /home/vani/Documents/Projects/autolibrary/index.html [13ms]
2023-01-27 17:55:29.082 [info] > git cat-file -s 4dcf8ee817760ea0bff6291de8dcec1af2bc0974 [5ms]
2023-01-27 17:55:29.082 [info] > git ls-files --stage -- /home/vani/Documents/Projects/autolibrary/library.csv [10ms]
2023-01-27 17:55:29.087 [info] > git cat-file -s 931fdfa121303b63a619bf1ccae71fed97a5189e [6ms]
2023-01-27 17:55:29.087 [info] > git cat-file -s 2445454c13f031bfce3313edc0a9b388eab48097 [1ms]
2023-01-27 17:55:29.093 [info] > git show --textconv :libParse.js [1ms]
2023-01-27 17:55:29.102 [info] > git show --textconv :index.html [4ms]
2023-01-27 17:55:29.106 [info] > git show --textconv :library.csv [4ms]
2023-01-27 17:56:01.058 [info] > git config --get commit.template [6ms]
2023-01-27 17:56:01.058 [info] > git for-each-ref --format=%(refname)%00%(upstream:short)%00%(objectname)%00%(upstream:track)%00%(upstream:remotename)%00%(upstream:remoteref) refs/heads/main refs/remotes/main [1ms]
2023-01-27 17:56:01.069 [info] > git status -z -uall [6ms]
2023-01-27 17:56:01.070 [info] > git for-each-ref --sort -committerdate --format %(refname) %(objectname) %(*objectname) [2ms]
2023-01-27 17:58:32.563 [info] > git fetch [262ms]
2023-01-27 17:58:32.573 [info] > git config --get commit.template [5ms]
2023-01-27 17:58:32.574 [info] > git for-each-ref --format=%(refname)%00%(upstream:short)%00%(objectname)%00%(upstream:track)%00%(upstream:remotename)%00%(upstream:remoteref) refs/heads/main refs/remotes/main [1ms]
2023-01-27 17:58:32.584 [info] > git status -z -uall [6ms]
2023-01-27 17:58:32.585 [info] > git for-each-ref --sort -committerdate --format %(refname) %(objectname) %(*objectname) [1ms]
2023-01-27 17:58:33.626 [info] > git config --get commit.template [6ms]
2023-01-27 17:58:33.627 [info] > git for-each-ref --format=%(refname)%00%(upstream:short)%00%(objectname)%00%(upstream:track)%00%(upstream:remotename)%00%(upstream:remoteref) refs/heads/main refs/remotes/main [1ms]
2023-01-27 17:58:33.638 [info] > git status -z -uall [4ms]
2023-01-27 17:58:33.638 [info] > git for-each-ref --sort -committerdate --format %(refname) %(objectname) %(*objectname) [1ms]
2023-01-27 17:58:33.731 [info] > git ls-files --stage -- /home/vani/Documents/Projects/autolibrary/libParse.js [5ms]
2023-01-27 17:58:33.736 [info] > git ls-files --stage -- /home/vani/Documents/Projects/autolibrary/index.html [15ms]
2023-01-27 17:58:33.742 [info] > git cat-file -s 4dcf8ee817760ea0bff6291de8dcec1af2bc0974 [6ms]
2023-01-27 17:58:33.742 [info] > git ls-files --stage -- /home/vani/Documents/Projects/autolibrary/library.csv [12ms]
2023-01-27 17:58:33.748 [info] > git cat-file -s 931fdfa121303b63a619bf1ccae71fed97a5189e [6ms]
2023-01-27 17:58:33.748 [info] > git cat-file -s 2445454c13f031bfce3313edc0a9b388eab48097 [1ms]
2023-01-27 17:58:33.767 [info] > git show --textconv :libParse.js [10ms]
2023-01-27 17:58:33.767 [info] > git show --textconv :index.html [6ms]
2023-01-27 17:58:33.771 [info] > git show --textconv :library.csv [5ms]
2023-01-27 17:58:46.426 [info] > git config --get commit.template [7ms]
2023-01-27 17:58:46.426 [info] > git for-each-ref --format=%(refname)%00%(upstream:short)%00%(objectname)%00%(upstream:track)%00%(upstream:remotename)%00%(upstream:remoteref) refs/heads/main refs/remotes/main [1ms]
2023-01-27 17:58:46.439 [info] > git status -z -uall [7ms]
2023-01-27 17:58:46.440 [info] > git for-each-ref --sort -committerdate --format %(refname) %(objectname) %(*objectname) [2ms]
2023-01-27 17:59:06.519 [info] > git config --get commit.template [4ms]
2023-01-27 17:59:06.520 [info] > git for-each-ref --format=%(refname)%00%(upstream:short)%00%(objectname)%00%(upstream:track)%00%(upstream:remotename)%00%(upstream:remoteref) refs/heads/main refs/remotes/main [1ms]
2023-01-27 17:59:06.529 [info] > git status -z -uall [5ms]
2023-01-27 17:59:06.530 [info] > git for-each-ref --sort -committerdate --format %(refname) %(objectname) %(*objectname) [1ms]
2023-01-27 17:59:14.008 [info] > git config --get commit.template [8ms]
2023-01-27 17:59:14.008 [info] > git for-each-ref --format=%(refname)%00%(upstream:short)%00%(objectname)%00%(upstream:track)%00%(upstream:remotename)%00%(upstream:remoteref) refs/heads/main refs/remotes/main [1ms]
2023-01-27 17:59:14.019 [info] > git status -z -uall [6ms]
2023-01-27 17:59:14.020 [info] > git for-each-ref --sort -committerdate --format %(refname) %(objectname) %(*objectname) [1ms]
2023-01-27 17:59:41.247 [info] > git config --get commit.template [5ms]
2023-01-27 17:59:41.248 [info] > git for-each-ref --format=%(refname)%00%(upstream:short)%00%(objectname)%00%(upstream:track)%00%(upstream:remotename)%00%(upstream:remoteref) refs/heads/main refs/remotes/main [1ms]
2023-01-27 17:59:41.260 [info] > git status -z -uall [6ms]
2023-01-27 17:59:41.261 [info] > git for-each-ref --sort -committerdate --format %(refname) %(objectname) %(*objectname) [0ms]
2023-01-27 17:59:56.954 [info] > git config --get commit.template [8ms]
2023-01-27 17:59:56.954 [info] > git for-each-ref --format=%(refname)%00%(upstream:short)%00%(objectname)%00%(upstream:track)%00%(upstream:remotename)%00%(upstream:remoteref) refs/heads/main refs/remotes/main [1ms]
2023-01-27 17:59:56.966 [info] > git status -z -uall [6ms]
2023-01-27 17:59:56.967 [info] > git for-each-ref --sort -committerdate --format %(refname) %(objectname) %(*objectname) [1ms]
2023-01-27 18:00:45.874 [info] > git config --get commit.template [8ms]
2023-01-27 18:00:45.875 [info] > git for-each-ref --format=%(refname)%00%(upstream:short)%00%(objectname)%00%(upstream:track)%00%(upstream:remotename)%00%(upstream:remoteref) refs/heads/main refs/remotes/main [1ms]
2023-01-27 18:00:45.888 [info] > git status -z -uall [6ms]
2023-01-27 18:00:45.888 [info] > git for-each-ref --sort -committerdate --format %(refname) %(objectname) %(*objectname) [1ms]
2023-01-27 18:01:00.180 [info] > git config --get commit.template [7ms]
2023-01-27 18:01:00.181 [info] > git for-each-ref --format=%(refname)%00%(upstream:short)%00%(objectname)%00%(upstream:track)%00%(upstream:remotename)%00%(upstream:remoteref) refs/heads/main refs/remotes/main [1ms]
2023-01-27 18:01:00.194 [info] > git status -z -uall [6ms]
2023-01-27 18:01:00.194 [info] > git for-each-ref --sort -committerdate --format %(refname) %(objectname) %(*objectname) [1ms]
2023-01-27 18:01:32.862 [info] > git fetch [271ms]
2023-01-27 18:01:32.868 [info] > git config --get commit.template [1ms]
2023-01-27 18:01:32.874 [info] > git for-each-ref --format=%(refname)%00%(upstream:short)%00%(objectname)%00%(upstream:track)%00%(upstream:remotename)%00%(upstream:remoteref) refs/heads/main refs/remotes/main [1ms]
2023-01-27 18:01:32.883 [info] > git status -z -uall [5ms]
2023-01-27 18:01:32.884 [info] > git for-each-ref --sort -committerdate --format %(refname) %(objectname) %(*objectname) [1ms]
2023-01-27 18:01:33.921 [info] > git config --get commit.template [5ms]
2023-01-27 18:01:33.922 [info] > git for-each-ref --format=%(refname)%00%(upstream:short)%00%(objectname)%00%(upstream:track)%00%(upstream:remotename)%00%(upstream:remoteref) refs/heads/main refs/remotes/main [1ms]
2023-01-27 18:01:33.934 [info] > git status -z -uall [5ms]
2023-01-27 18:01:33.936 [info] > git for-each-ref --sort -committerdate --format %(refname) %(objectname) %(*objectname) [2ms]
2023-01-27 18:01:34.051 [info] > git ls-files --stage -- /home/vani/Documents/Projects/autolibrary/libParse.js [6ms]
2023-01-27 18:01:34.057 [info] > git ls-files --stage -- /home/vani/Documents/Projects/autolibrary/index.html [16ms]
2023-01-27 18:01:34.062 [info] > git cat-file -s 4dcf8ee817760ea0bff6291de8dcec1af2bc0974 [5ms]
2023-01-27 18:01:34.062 [info] > git ls-files --stage -- /home/vani/Documents/Projects/autolibrary/library.csv [12ms]
2023-01-27 18:01:34.069 [info] > git cat-file -s 931fdfa121303b63a619bf1ccae71fed97a5189e [7ms]
2023-01-27 18:01:34.069 [info] > git cat-file -s 2445454c13f031bfce3313edc0a9b388eab48097 [1ms]
2023-01-27 18:01:34.075 [info] > git show --textconv :libParse.js [1ms]
2023-01-27 18:01:34.086 [info] > git show --textconv :index.html [6ms]
2023-01-27 18:01:34.089 [info] > git show --textconv :library.csv [4ms]
2023-01-27 18:02:22.287 [info] > git config --get commit.template [8ms]
2023-01-27 18:02:22.288 [info] > git for-each-ref --format=%(refname)%00%(upstream:short)%00%(objectname)%00%(upstream:track)%00%(upstream:remotename)%00%(upstream:remoteref) refs/heads/main refs/remotes/main [2ms]
2023-01-27 18:02:22.299 [info] > git status -z -uall [5ms]
2023-01-27 18:02:22.300 [info] > git for-each-ref --sort -committerdate --format %(refname) %(objectname) %(*objectname) [1ms]
2023-01-27 18:02:35.769 [info] > git config --get commit.template [6ms]
2023-01-27 18:02:35.770 [info] > git for-each-ref --format=%(refname)%00%(upstream:short)%00%(objectname)%00%(upstream:track)%00%(upstream:remotename)%00%(upstream:remoteref) refs/heads/main refs/remotes/main [1ms]
2023-01-27 18:02:35.781 [info] > git status -z -uall [5ms]
2023-01-27 18:02:35.782 [info] > git for-each-ref --sort -committerdate --format %(refname) %(objectname) %(*objectname) [1ms]
2023-01-27 18:02:37.424 [info] > git ls-files --stage -- /home/vani/Documents/Projects/autolibrary/library.json [3ms]
2023-01-27 18:02:37.435 [info] > git cat-file -s 2ff776586d0bb19c9034fab0ada26f2323ef4b75 [1ms]
2023-01-27 18:02:37.453 [info] > git show --textconv :library.json [42ms]
2023-01-27 18:02:40.795 [info] > git config --get commit.template [6ms]
2023-01-27 18:02:40.795 [info] > git for-each-ref --format=%(refname)%00%(upstream:short)%00%(objectname)%00%(upstream:track)%00%(upstream:remotename)%00%(upstream:remoteref) refs/heads/main refs/remotes/main [1ms]
2023-01-27 18:02:40.808 [info] > git status -z -uall [5ms]
2023-01-27 18:02:40.809 [info] > git for-each-ref --sort -committerdate --format %(refname) %(objectname) %(*objectname) [1ms]
2023-01-27 18:02:41.272 [info] > git add -A -- . [18ms]
2023-01-27 18:02:41.285 [info] > git -c user.useConfigOnly=true commit --quiet --allow-empty-message --file - [4ms]
2023-01-27 18:02:41.293 [info] > git config --get commit.template [1ms]
2023-01-27 18:02:41.308 [info] > git config --get commit.template [7ms]
2023-01-27 18:02:41.309 [info] > git for-each-ref --format=%(refname)%00%(upstream:short)%00%(objectname)%00%(upstream:track)%00%(upstream:remotename)%00%(upstream:remoteref) refs/heads/main refs/remotes/main [1ms]
2023-01-27 18:02:41.320 [info] > git status -z -uall [5ms]
2023-01-27 18:02:41.321 [info] > git for-each-ref --sort -committerdate --format %(refname) %(objectname) %(*objectname) [1ms]
2023-01-27 18:02:41.394 [info] > git config --local branch.main.github-pr-owner-number [2ms]
2023-01-27 18:02:42.513 [info] > git ls-files --stage -- /home/vani/Documents/Projects/autolibrary/library.csv [6ms]
2023-01-27 18:02:42.520 [info] > git ls-files --stage -- /home/vani/Documents/Projects/autolibrary/libParse.js [20ms]
2023-01-27 18:02:42.526 [info] > git ls-files --stage -- /home/vani/Documents/Projects/autolibrary/index.html [33ms]
2023-01-27 18:02:42.533 [info] > git cat-file -s 4dcf8ee817760ea0bff6291de8dcec1af2bc0974 [7ms]
2023-01-27 18:02:42.534 [info] > git cat-file -s 2445454c13f031bfce3313edc0a9b388eab48097 [15ms]
2023-01-27 18:02:42.534 [info] > git ls-files --stage -- /home/vani/Documents/Projects/autolibrary/library.json [22ms]
2023-01-27 18:02:42.541 [info] > git cat-file -s 31f48789d7c734ef8757518933690b3e6447de99 [9ms]
2023-01-27 18:02:42.542 [info] > git cat-file -s 69f47a8122238f4cfd3c7db2161e627f54580a75 [1ms]
2023-01-27 18:02:42.568 [info] > git show --textconv :libParse.js [18ms]
2023-01-27 18:02:42.568 [info] > git show --textconv :index.html [7ms]
2023-01-27 18:02:42.570 [info] > git show --textconv :library.csv [14ms]
2023-01-27 18:02:42.573 [info] > git show --textconv :library.json [5ms]
2023-01-27 18:02:42.628 [info] > git push origin main:main [1297ms]
2023-01-27 18:02:42.628 [info] To https://github.com/vanillyn/autolibrary
   b593e34..1641780  main -> main
2023-01-27 18:02:42.646 [info] > git config --get commit.template [8ms]
2023-01-27 18:02:42.655 [info] > git for-each-ref --format=%(refname)%00%(upstream:short)%00%(objectname)%00%(upstream:track)%00%(upstream:remotename)%00%(upstream:remoteref) refs/heads/main refs/remotes/main [1ms]
2023-01-27 18:02:42.670 [info] > git status -z -uall [8ms]
2023-01-27 18:02:42.672 [info] > git for-each-ref --sort -committerdate --format %(refname) %(objectname) %(*objectname) [1ms]
2023-01-27 18:02:42.707 [info] > git config --local branch.main.github-pr-owner-number [9ms]
2023-01-27 18:02:42.708 [info] > git config --get commit.template [1ms]
2023-01-27 18:02:42.716 [info] > git for-each-ref --format=%(refname)%00%(upstream:short)%00%(objectname)%00%(upstream:track)%00%(upstream:remotename)%00%(upstream:remoteref) refs/heads/main refs/remotes/main [2ms]
2023-01-27 18:02:42.730 [info] > git status -z -uall [7ms]
2023-01-27 18:02:42.731 [info] > git for-each-ref --sort -committerdate --format %(refname) %(objectname) %(*objectname) [2ms]
2023-01-27 18:02:43.902 [info] > git ls-files --stage -- /home/vani/Documents/Projects/autolibrary/library.csv [5ms]
2023-01-27 18:02:43.907 [info] > git ls-files --stage -- /home/vani/Documents/Projects/autolibrary/libParse.js [13ms]
2023-01-27 18:02:43.911 [info] > git ls-files --stage -- /home/vani/Documents/Projects/autolibrary/index.html [22ms]
2023-01-27 18:02:43.915 [info] > git cat-file -s 4dcf8ee817760ea0bff6291de8dcec1af2bc0974 [5ms]
2023-01-27 18:02:43.916 [info] > git cat-file -s 2445454c13f031bfce3313edc0a9b388eab48097 [10ms]
2023-01-27 18:02:43.916 [info] > git ls-files --stage -- /home/vani/Documents/Projects/autolibrary/library.json [14ms]
2023-01-27 18:02:43.920 [info] > git cat-file -s 31f48789d7c734ef8757518933690b3e6447de99 [5ms]
2023-01-27 18:02:43.921 [info] > git cat-file -s 69f47a8122238f4cfd3c7db2161e627f54580a75 [1ms]
2023-01-27 18:02:43.935 [info] > git show --textconv :libParse.js [9ms]
2023-01-27 18:02:43.936 [info] > git show --textconv :index.html [1ms]
2023-01-27 18:02:43.938 [info] > git show --textconv :library.csv [7ms]
2023-01-27 18:02:43.948 [info] > git show --textconv :library.json [4ms]
2023-01-27 18:02:45.824 [info] > git config --get commit.template [6ms]
2023-01-27 18:02:45.824 [info] > git for-each-ref --format=%(refname)%00%(upstream:short)%00%(objectname)%00%(upstream:track)%00%(upstream:remotename)%00%(upstream:remoteref) refs/heads/main refs/remotes/main [1ms]
2023-01-27 18:02:45.835 [info] > git status -z -uall [6ms]
2023-01-27 18:02:45.836 [info] > git for-each-ref --sort -committerdate --format %(refname) %(objectname) %(*objectname) [1ms]
