2023-02-04 00:30:01.208 [info] Log level: Info
2023-02-04 00:30:01.208 [info] Validating found git in: "git"
2023-02-04 00:30:01.208 [info] Using git "2.39.1" from "git"
2023-02-04 00:30:01.208 [info] > git rev-parse --show-toplevel [15ms]
2023-02-04 00:30:01.213 [info] > git rev-parse --git-dir --git-common-dir [213ms]
2023-02-04 00:30:01.226 [info] Open repository: /home/vani/Documents/Projects/vanillyn site/vanillyn2
2023-02-04 00:30:01.266 [info] > git rev-parse --show-toplevel [29ms]
2023-02-04 00:30:01.355 [info] > git rev-parse --show-toplevel [80ms]
2023-02-04 00:30:01.372 [info] > git config --get commit.template [122ms]
2023-02-04 00:30:01.396 [info] > git rev-parse --show-toplevel [25ms]
2023-02-04 00:30:01.444 [info] > git for-each-ref --format=%(refname)%00%(upstream:short)%00%(objectname)%00%(upstream:track)%00%(upstream:remotename)%00%(upstream:remoteref) refs/heads/main refs/remotes/main [27ms]
2023-02-04 00:30:01.468 [info] > git rev-parse --show-toplevel [63ms]
2023-02-04 00:30:01.485 [info] > git status -z -uall [29ms]
2023-02-04 00:30:01.486 [info] > git for-each-ref --sort -committerdate --format %(refname) %(objectname) %(*objectname) [19ms]
2023-02-04 00:30:01.535 [info] > git rev-parse --show-toplevel [57ms]
2023-02-04 00:30:01.564 [info] > git config --get commit.template [56ms]
2023-02-04 00:30:01.566 [info] > git rev-parse --show-toplevel [23ms]
2023-02-04 00:30:01.611 [info] > git for-each-ref --format=%(refname)%00%(upstream:short)%00%(objectname)%00%(upstream:track)%00%(upstream:remotename)%00%(upstream:remoteref) refs/heads/main refs/remotes/main [23ms]
2023-02-04 00:30:01.634 [info] > git rev-parse --show-toplevel [57ms]
2023-02-04 00:30:01.644 [info] > git for-each-ref --sort -committerdate --format %(refname) %(objectname) %(*objectname) [10ms]
2023-02-04 00:30:01.648 [info] > git status -z -uall [26ms]
2023-02-04 00:30:01.779 [info] > git config --local branch.main.github-pr-owner-number [5ms]
2023-02-04 00:30:01.818 [info] > git check-ignore -v -z --stdin [2ms]
2023-02-04 00:30:01.819 [info] > git config --get commit.template [28ms]
2023-02-04 00:30:01.835 [info] > git for-each-ref --format=%(refname)%00%(upstream:short)%00%(objectname)%00%(upstream:track)%00%(upstream:remotename)%00%(upstream:remoteref) refs/heads/main refs/remotes/main [5ms]
2023-02-04 00:30:01.876 [info] > git for-each-ref --sort -committerdate --format %(refname) %(objectname) %(*objectname) [3ms]
2023-02-04 00:30:01.878 [info] > git status -z -uall [30ms]
2023-02-04 00:30:02.226 [info] > git show --textconv :about/gaming.html [14ms]
2023-02-04 00:30:02.227 [info] > git ls-files --stage -- /home/vani/Documents/Projects/vanillyn site/vanillyn2/about/gaming.html [2ms]
2023-02-04 00:34:05.112 [info] > git fetch [259ms]
2023-02-04 00:34:05.129 [info] > git config --get commit.template [9ms]
2023-02-04 00:34:05.130 [info] > git for-each-ref --format=%(refname)%00%(upstream:short)%00%(objectname)%00%(upstream:track)%00%(upstream:remotename)%00%(upstream:remoteref) refs/heads/main refs/remotes/main [2ms]
2023-02-04 00:34:05.146 [info] > git for-each-ref --sort -committerdate --format %(refname) %(objectname) %(*objectname) [1ms]
2023-02-04 00:34:05.153 [info] > git status -z -uall [16ms]
2023-02-04 00:34:06.253 [info] > git config --get commit.template [7ms]
2023-02-04 00:34:06.253 [info] > git for-each-ref --format=%(refname)%00%(upstream:short)%00%(objectname)%00%(upstream:track)%00%(upstream:remotename)%00%(upstream:remoteref) refs/heads/main refs/remotes/main [2ms]
2023-02-04 00:34:06.268 [info] > git for-each-ref --sort -committerdate --format %(refname) %(objectname) %(*objectname) [1ms]
2023-02-04 00:34:06.277 [info] > git status -z -uall [18ms]
2023-02-04 00:34:06.350 [info] > git ls-files --stage -- /home/vani/Documents/Projects/vanillyn site/vanillyn2/about/gaming.html [1ms]
2023-02-04 00:34:06.358 [info] > git show --textconv :about/gaming.html [1ms]
2023-02-04 00:35:01.751 [info] > git config --local branch.main.github-pr-owner-number [0ms]
2023-02-04 00:35:01.766 [info] > git config --get commit.template [7ms]
2023-02-04 00:35:01.767 [info] > git for-each-ref --format=%(refname)%00%(upstream:short)%00%(objectname)%00%(upstream:track)%00%(upstream:remotename)%00%(upstream:remoteref) refs/heads/main refs/remotes/main [2ms]
2023-02-04 00:35:01.784 [info] > git for-each-ref --sort -committerdate --format %(refname) %(objectname) %(*objectname) [1ms]
2023-02-04 00:35:01.791 [info] > git status -z -uall [17ms]
2023-02-04 00:40:01.800 [info] > git config --local branch.main.github-pr-owner-number [0ms]
2023-02-04 00:40:01.809 [info] > git config --get commit.template [1ms]
2023-02-04 00:40:01.816 [info] > git for-each-ref --format=%(refname)%00%(upstream:short)%00%(objectname)%00%(upstream:track)%00%(upstream:remotename)%00%(upstream:remoteref) refs/heads/main refs/remotes/main [1ms]
2023-02-04 00:40:01.832 [info] > git for-each-ref --sort -committerdate --format %(refname) %(objectname) %(*objectname) [1ms]
2023-02-04 00:40:01.838 [info] > git status -z -uall [15ms]
2023-02-04 00:45:01.847 [info] > git config --local branch.main.github-pr-owner-number [1ms]
2023-02-04 00:45:01.858 [info] > git config --get commit.template [6ms]
2023-02-04 00:45:01.859 [info] > git for-each-ref --format=%(refname)%00%(upstream:short)%00%(objectname)%00%(upstream:track)%00%(upstream:remotename)%00%(upstream:remoteref) refs/heads/main refs/remotes/main [1ms]
2023-02-04 00:45:01.872 [info] > git for-each-ref --sort -committerdate --format %(refname) %(objectname) %(*objectname) [2ms]
2023-02-04 00:45:01.880 [info] > git status -z -uall [15ms]
2023-02-04 00:50:01.887 [info] > git config --local branch.main.github-pr-owner-number [1ms]
2023-02-04 00:50:01.900 [info] > git config --get commit.template [6ms]
2023-02-04 00:50:01.901 [info] > git for-each-ref --format=%(refname)%00%(upstream:short)%00%(objectname)%00%(upstream:track)%00%(upstream:remotename)%00%(upstream:remoteref) refs/heads/main refs/remotes/main [2ms]
2023-02-04 00:50:01.914 [info] > git for-each-ref --sort -committerdate --format %(refname) %(objectname) %(*objectname) [2ms]
2023-02-04 00:50:01.924 [info] > git status -z -uall [18ms]
2023-02-04 00:55:01.932 [info] > git config --local branch.main.github-pr-owner-number [1ms]
2023-02-04 00:55:01.946 [info] > git config --get commit.template [8ms]
2023-02-04 00:55:01.947 [info] > git for-each-ref --format=%(refname)%00%(upstream:short)%00%(objectname)%00%(upstream:track)%00%(upstream:remotename)%00%(upstream:remoteref) refs/heads/main refs/remotes/main [2ms]
2023-02-04 00:55:01.959 [info] > git for-each-ref --sort -committerdate --format %(refname) %(objectname) %(*objectname) [1ms]
2023-02-04 00:55:01.969 [info] > git status -z -uall [16ms]
2023-02-04 01:00:01.975 [info] > git config --local branch.main.github-pr-owner-number [1ms]
2023-02-04 01:00:01.988 [info] > git config --get commit.template [6ms]
2023-02-04 01:00:01.989 [info] > git for-each-ref --format=%(refname)%00%(upstream:short)%00%(objectname)%00%(upstream:track)%00%(upstream:remotename)%00%(upstream:remoteref) refs/heads/main refs/remotes/main [2ms]
2023-02-04 01:00:02.001 [info] > git for-each-ref --sort -committerdate --format %(refname) %(objectname) %(*objectname) [1ms]
2023-02-04 01:00:02.010 [info] > git status -z -uall [15ms]
2023-02-04 01:05:02.019 [info] > git config --local branch.main.github-pr-owner-number [1ms]
2023-02-04 01:05:02.032 [info] > git config --get commit.template [6ms]
2023-02-04 01:05:02.034 [info] > git for-each-ref --format=%(refname)%00%(upstream:short)%00%(objectname)%00%(upstream:track)%00%(upstream:remotename)%00%(upstream:remoteref) refs/heads/main refs/remotes/main [2ms]
2023-02-04 01:05:02.046 [info] > git for-each-ref --sort -committerdate --format %(refname) %(objectname) %(*objectname) [2ms]
2023-02-04 01:05:02.055 [info] > git status -z -uall [16ms]
2023-02-04 01:10:02.063 [info] > git config --local branch.main.github-pr-owner-number [1ms]
2023-02-04 01:10:02.076 [info] > git config --get commit.template [7ms]
2023-02-04 01:10:02.077 [info] > git for-each-ref --format=%(refname)%00%(upstream:short)%00%(objectname)%00%(upstream:track)%00%(upstream:remotename)%00%(upstream:remoteref) refs/heads/main refs/remotes/main [2ms]
2023-02-04 01:10:02.091 [info] > git for-each-ref --sort -committerdate --format %(refname) %(objectname) %(*objectname) [1ms]
2023-02-04 01:10:02.099 [info] > git status -z -uall [17ms]
2023-02-04 01:15:02.108 [info] > git config --local branch.main.github-pr-owner-number [0ms]
2023-02-04 01:15:02.121 [info] > git config --get commit.template [7ms]
2023-02-04 01:15:02.123 [info] > git for-each-ref --format=%(refname)%00%(upstream:short)%00%(objectname)%00%(upstream:track)%00%(upstream:remotename)%00%(upstream:remoteref) refs/heads/main refs/remotes/main [2ms]
2023-02-04 01:15:02.137 [info] > git for-each-ref --sort -committerdate --format %(refname) %(objectname) %(*objectname) [1ms]
2023-02-04 01:15:02.143 [info] > git status -z -uall [15ms]
2023-02-04 01:20:02.151 [info] > git config --local branch.main.github-pr-owner-number [1ms]
2023-02-04 01:20:02.164 [info] > git config --get commit.template [6ms]
2023-02-04 01:20:02.165 [info] > git for-each-ref --format=%(refname)%00%(upstream:short)%00%(objectname)%00%(upstream:track)%00%(upstream:remotename)%00%(upstream:remoteref) refs/heads/main refs/remotes/main [1ms]
2023-02-04 01:20:02.179 [info] > git for-each-ref --sort -committerdate --format %(refname) %(objectname) %(*objectname) [1ms]
2023-02-04 01:20:02.185 [info] > git status -z -uall [15ms]
2023-02-04 01:25:02.193 [info] > git config --local branch.main.github-pr-owner-number [1ms]
2023-02-04 01:25:02.204 [info] > git config --get commit.template [5ms]
2023-02-04 01:25:02.205 [info] > git for-each-ref --format=%(refname)%00%(upstream:short)%00%(objectname)%00%(upstream:track)%00%(upstream:remotename)%00%(upstream:remoteref) refs/heads/main refs/remotes/main [1ms]
2023-02-04 01:25:02.218 [info] > git for-each-ref --sort -committerdate --format %(refname) %(objectname) %(*objectname) [1ms]
2023-02-04 01:25:02.229 [info] > git status -z -uall [18ms]
2023-02-04 01:30:02.238 [info] > git config --local branch.main.github-pr-owner-number [0ms]
2023-02-04 01:30:02.249 [info] > git config --get commit.template [6ms]
2023-02-04 01:30:02.250 [info] > git for-each-ref --format=%(refname)%00%(upstream:short)%00%(objectname)%00%(upstream:track)%00%(upstream:remotename)%00%(upstream:remoteref) refs/heads/main refs/remotes/main [1ms]
2023-02-04 01:30:02.261 [info] > git for-each-ref --sort -committerdate --format %(refname) %(objectname) %(*objectname) [1ms]
2023-02-04 01:30:02.269 [info] > git status -z -uall [14ms]
2023-02-04 01:35:02.277 [info] > git config --local branch.main.github-pr-owner-number [1ms]
2023-02-04 01:35:02.290 [info] > git config --get commit.template [6ms]
2023-02-04 01:35:02.291 [info] > git for-each-ref --format=%(refname)%00%(upstream:short)%00%(objectname)%00%(upstream:track)%00%(upstream:remotename)%00%(upstream:remoteref) refs/heads/main refs/remotes/main [2ms]
2023-02-04 01:35:02.300 [info] > git for-each-ref --sort -committerdate --format %(refname) %(objectname) %(*objectname) [1ms]
2023-02-04 01:35:02.309 [info] > git status -z -uall [14ms]
2023-02-04 01:40:02.318 [info] > git config --local branch.main.github-pr-owner-number [1ms]
2023-02-04 01:40:02.330 [info] > git config --get commit.template [6ms]
2023-02-04 01:40:02.332 [info] > git for-each-ref --format=%(refname)%00%(upstream:short)%00%(objectname)%00%(upstream:track)%00%(upstream:remotename)%00%(upstream:remoteref) refs/heads/main refs/remotes/main [2ms]
2023-02-04 01:40:02.347 [info] > git for-each-ref --sort -committerdate --format %(refname) %(objectname) %(*objectname) [1ms]
2023-02-04 01:40:02.356 [info] > git status -z -uall [17ms]
2023-02-04 01:45:02.364 [info] > git config --local branch.main.github-pr-owner-number [1ms]
2023-02-04 01:45:02.376 [info] > git config --get commit.template [6ms]
2023-02-04 01:45:02.376 [info] > git for-each-ref --format=%(refname)%00%(upstream:short)%00%(objectname)%00%(upstream:track)%00%(upstream:remotename)%00%(upstream:remoteref) refs/heads/main refs/remotes/main [1ms]
2023-02-04 01:45:02.389 [info] > git for-each-ref --sort -committerdate --format %(refname) %(objectname) %(*objectname) [1ms]
2023-02-04 01:45:02.399 [info] > git status -z -uall [17ms]
2023-02-04 01:50:02.408 [info] > git config --local branch.main.github-pr-owner-number [1ms]
2023-02-04 01:50:02.415 [info] > git config --get commit.template [1ms]
2023-02-04 01:50:02.422 [info] > git for-each-ref --format=%(refname)%00%(upstream:short)%00%(objectname)%00%(upstream:track)%00%(upstream:remotename)%00%(upstream:remoteref) refs/heads/main refs/remotes/main [2ms]
2023-02-04 01:50:02.435 [info] > git for-each-ref --sort -committerdate --format %(refname) %(objectname) %(*objectname) [1ms]
2023-02-04 01:50:02.442 [info] > git status -z -uall [14ms]
2023-02-04 01:55:02.452 [info] > git config --local branch.main.github-pr-owner-number [1ms]
2023-02-04 01:55:02.465 [info] > git config --get commit.template [7ms]
2023-02-04 01:55:02.466 [info] > git for-each-ref --format=%(refname)%00%(upstream:short)%00%(objectname)%00%(upstream:track)%00%(upstream:remotename)%00%(upstream:remoteref) refs/heads/main refs/remotes/main [2ms]
2023-02-04 01:55:02.479 [info] > git for-each-ref --sort -committerdate --format %(refname) %(objectname) %(*objectname) [1ms]
2023-02-04 01:55:02.487 [info] > git status -z -uall [16ms]
2023-02-04 02:00:02.497 [info] > git config --local branch.main.github-pr-owner-number [1ms]
2023-02-04 02:00:02.509 [info] > git config --get commit.template [6ms]
2023-02-04 02:00:02.511 [info] > git for-each-ref --format=%(refname)%00%(upstream:short)%00%(objectname)%00%(upstream:track)%00%(upstream:remotename)%00%(upstream:remoteref) refs/heads/main refs/remotes/main [1ms]
2023-02-04 02:00:02.523 [info] > git for-each-ref --sort -committerdate --format %(refname) %(objectname) %(*objectname) [1ms]
2023-02-04 02:00:02.532 [info] > git status -z -uall [16ms]
2023-02-04 02:05:02.542 [info] > git config --local branch.main.github-pr-owner-number [1ms]
2023-02-04 02:05:02.553 [info] > git config --get commit.template [5ms]
2023-02-04 02:05:02.555 [info] > git for-each-ref --format=%(refname)%00%(upstream:short)%00%(objectname)%00%(upstream:track)%00%(upstream:remotename)%00%(upstream:remoteref) refs/heads/main refs/remotes/main [1ms]
2023-02-04 02:05:02.567 [info] > git for-each-ref --sort -committerdate --format %(refname) %(objectname) %(*objectname) [1ms]
2023-02-04 02:05:02.577 [info] > git status -z -uall [17ms]
2023-02-04 02:10:02.586 [info] > git config --local branch.main.github-pr-owner-number [0ms]
2023-02-04 02:10:02.597 [info] > git config --get commit.template [6ms]
2023-02-04 02:10:02.598 [info] > git for-each-ref --format=%(refname)%00%(upstream:short)%00%(objectname)%00%(upstream:track)%00%(upstream:remotename)%00%(upstream:remoteref) refs/heads/main refs/remotes/main [1ms]
2023-02-04 02:10:02.613 [info] > git for-each-ref --sort -committerdate --format %(refname) %(objectname) %(*objectname) [1ms]
2023-02-04 02:10:02.620 [info] > git status -z -uall [16ms]
2023-02-04 02:15:02.629 [info] > git config --local branch.main.github-pr-owner-number [0ms]
2023-02-04 02:15:02.640 [info] > git config --get commit.template [6ms]
2023-02-04 02:15:02.641 [info] > git for-each-ref --format=%(refname)%00%(upstream:short)%00%(objectname)%00%(upstream:track)%00%(upstream:remotename)%00%(upstream:remoteref) refs/heads/main refs/remotes/main [2ms]
2023-02-04 02:15:02.656 [info] > git for-each-ref --sort -committerdate --format %(refname) %(objectname) %(*objectname) [1ms]
2023-02-04 02:15:02.663 [info] > git status -z -uall [16ms]
2023-02-04 02:20:02.672 [info] > git config --local branch.main.github-pr-owner-number [0ms]
2023-02-04 02:20:02.688 [info] > git config --get commit.template [10ms]
2023-02-04 02:20:02.689 [info] > git for-each-ref --format=%(refname)%00%(upstream:short)%00%(objectname)%00%(upstream:track)%00%(upstream:remotename)%00%(upstream:remoteref) refs/heads/main refs/remotes/main [2ms]
2023-02-04 02:20:02.707 [info] > git for-each-ref --sort -committerdate --format %(refname) %(objectname) %(*objectname) [2ms]
2023-02-04 02:20:02.726 [info] > git status -z -uall [30ms]
2023-02-04 02:25:02.734 [info] > git config --local branch.main.github-pr-owner-number [1ms]
2023-02-04 02:25:02.746 [info] > git config --get commit.template [6ms]
2023-02-04 02:25:02.747 [info] > git for-each-ref --format=%(refname)%00%(upstream:short)%00%(objectname)%00%(upstream:track)%00%(upstream:remotename)%00%(upstream:remoteref) refs/heads/main refs/remotes/main [2ms]
2023-02-04 02:25:02.760 [info] > git for-each-ref --sort -committerdate --format %(refname) %(objectname) %(*objectname) [1ms]
2023-02-04 02:25:02.769 [info] > git status -z -uall [15ms]
2023-02-04 02:30:02.776 [info] > git config --local branch.main.github-pr-owner-number [0ms]
2023-02-04 02:30:02.791 [info] > git config --get commit.template [6ms]
2023-02-04 02:30:02.792 [info] > git for-each-ref --format=%(refname)%00%(upstream:short)%00%(objectname)%00%(upstream:track)%00%(upstream:remotename)%00%(upstream:remoteref) refs/heads/main refs/remotes/main [2ms]
2023-02-04 02:30:02.806 [info] > git for-each-ref --sort -committerdate --format %(refname) %(objectname) %(*objectname) [1ms]
2023-02-04 02:30:02.814 [info] > git status -z -uall [16ms]
2023-02-04 02:35:02.823 [info] > git config --local branch.main.github-pr-owner-number [1ms]
2023-02-04 02:35:02.836 [info] > git config --get commit.template [7ms]
2023-02-04 02:35:02.837 [info] > git for-each-ref --format=%(refname)%00%(upstream:short)%00%(objectname)%00%(upstream:track)%00%(upstream:remotename)%00%(upstream:remoteref) refs/heads/main refs/remotes/main [2ms]
2023-02-04 02:35:02.852 [info] > git for-each-ref --sort -committerdate --format %(refname) %(objectname) %(*objectname) [1ms]
2023-02-04 02:35:02.861 [info] > git status -z -uall [18ms]
2023-02-04 02:40:02.870 [info] > git config --local branch.main.github-pr-owner-number [1ms]
2023-02-04 02:40:02.883 [info] > git config --get commit.template [7ms]
2023-02-04 02:40:02.884 [info] > git for-each-ref --format=%(refname)%00%(upstream:short)%00%(objectname)%00%(upstream:track)%00%(upstream:remotename)%00%(upstream:remoteref) refs/heads/main refs/remotes/main [2ms]
2023-02-04 02:40:02.896 [info] > git for-each-ref --sort -committerdate --format %(refname) %(objectname) %(*objectname) [1ms]
2023-02-04 02:40:02.905 [info] > git status -z -uall [16ms]
2023-02-04 02:45:02.914 [info] > git config --local branch.main.github-pr-owner-number [1ms]
2023-02-04 02:45:02.926 [info] > git config --get commit.template [6ms]
2023-02-04 02:45:02.926 [info] > git for-each-ref --format=%(refname)%00%(upstream:short)%00%(objectname)%00%(upstream:track)%00%(upstream:remotename)%00%(upstream:remoteref) refs/heads/main refs/remotes/main [1ms]
2023-02-04 02:45:02.940 [info] > git for-each-ref --sort -committerdate --format %(refname) %(objectname) %(*objectname) [1ms]
2023-02-04 02:45:02.949 [info] > git status -z -uall [18ms]
2023-02-04 02:50:02.956 [info] > git config --local branch.main.github-pr-owner-number [1ms]
2023-02-04 02:50:02.969 [info] > git config --get commit.template [6ms]
2023-02-04 02:50:02.970 [info] > git for-each-ref --format=%(refname)%00%(upstream:short)%00%(objectname)%00%(upstream:track)%00%(upstream:remotename)%00%(upstream:remoteref) refs/heads/main refs/remotes/main [2ms]
2023-02-04 02:50:02.983 [info] > git for-each-ref --sort -committerdate --format %(refname) %(objectname) %(*objectname) [1ms]
2023-02-04 02:50:02.991 [info] > git status -z -uall [16ms]
2023-02-04 02:55:03.001 [info] > git config --local branch.main.github-pr-owner-number [1ms]
2023-02-04 02:55:03.014 [info] > git config --get commit.template [6ms]
2023-02-04 02:55:03.015 [info] > git for-each-ref --format=%(refname)%00%(upstream:short)%00%(objectname)%00%(upstream:track)%00%(upstream:remotename)%00%(upstream:remoteref) refs/heads/main refs/remotes/main [2ms]
2023-02-04 02:55:03.028 [info] > git for-each-ref --sort -committerdate --format %(refname) %(objectname) %(*objectname) [1ms]
2023-02-04 02:55:03.038 [info] > git status -z -uall [18ms]
2023-02-04 03:00:03.047 [info] > git config --local branch.main.github-pr-owner-number [0ms]
2023-02-04 03:00:03.059 [info] > git config --get commit.template [6ms]
2023-02-04 03:00:03.060 [info] > git for-each-ref --format=%(refname)%00%(upstream:short)%00%(objectname)%00%(upstream:track)%00%(upstream:remotename)%00%(upstream:remoteref) refs/heads/main refs/remotes/main [1ms]
2023-02-04 03:00:03.073 [info] > git for-each-ref --sort -committerdate --format %(refname) %(objectname) %(*objectname) [1ms]
2023-02-04 03:00:03.082 [info] > git status -z -uall [16ms]
2023-02-04 03:05:03.090 [info] > git config --local branch.main.github-pr-owner-number [0ms]
2023-02-04 03:05:03.100 [info] > git config --get commit.template [5ms]
2023-02-04 03:05:03.101 [info] > git for-each-ref --format=%(refname)%00%(upstream:short)%00%(objectname)%00%(upstream:track)%00%(upstream:remotename)%00%(upstream:remoteref) refs/heads/main refs/remotes/main [1ms]
2023-02-04 03:05:03.112 [info] > git for-each-ref --sort -committerdate --format %(refname) %(objectname) %(*objectname) [1ms]
2023-02-04 03:05:03.125 [info] > git status -z -uall [19ms]
2023-02-04 03:10:03.135 [info] > git config --local branch.main.github-pr-owner-number [1ms]
2023-02-04 03:10:03.142 [info] > git config --get commit.template [1ms]
2023-02-04 03:10:03.149 [info] > git for-each-ref --format=%(refname)%00%(upstream:short)%00%(objectname)%00%(upstream:track)%00%(upstream:remotename)%00%(upstream:remoteref) refs/heads/main refs/remotes/main [2ms]
2023-02-04 03:10:03.163 [info] > git for-each-ref --sort -committerdate --format %(refname) %(objectname) %(*objectname) [2ms]
2023-02-04 03:10:03.171 [info] > git status -z -uall [17ms]
2023-02-04 03:15:03.179 [info] > git config --local branch.main.github-pr-owner-number [1ms]
2023-02-04 03:15:03.192 [info] > git config --get commit.template [7ms]
2023-02-04 03:15:03.193 [info] > git for-each-ref --format=%(refname)%00%(upstream:short)%00%(objectname)%00%(upstream:track)%00%(upstream:remotename)%00%(upstream:remoteref) refs/heads/main refs/remotes/main [1ms]
2023-02-04 03:15:03.207 [info] > git for-each-ref --sort -committerdate --format %(refname) %(objectname) %(*objectname) [1ms]
2023-02-04 03:15:03.217 [info] > git status -z -uall [18ms]
2023-02-04 03:20:03.225 [info] > git config --local branch.main.github-pr-owner-number [1ms]
2023-02-04 03:20:03.238 [info] > git config --get commit.template [6ms]
2023-02-04 03:20:03.238 [info] > git for-each-ref --format=%(refname)%00%(upstream:short)%00%(objectname)%00%(upstream:track)%00%(upstream:remotename)%00%(upstream:remoteref) refs/heads/main refs/remotes/main [1ms]
2023-02-04 03:20:03.253 [info] > git for-each-ref --sort -committerdate --format %(refname) %(objectname) %(*objectname) [1ms]
2023-02-04 03:20:03.261 [info] > git status -z -uall [15ms]
2023-02-04 03:25:03.269 [info] > git config --local branch.main.github-pr-owner-number [1ms]
2023-02-04 03:25:03.282 [info] > git config --get commit.template [7ms]
2023-02-04 03:25:03.283 [info] > git for-each-ref --format=%(refname)%00%(upstream:short)%00%(objectname)%00%(upstream:track)%00%(upstream:remotename)%00%(upstream:remoteref) refs/heads/main refs/remotes/main [2ms]
2023-02-04 03:25:03.298 [info] > git for-each-ref --sort -committerdate --format %(refname) %(objectname) %(*objectname) [1ms]
2023-02-04 03:25:03.307 [info] > git status -z -uall [17ms]
2023-02-04 03:30:03.316 [info] > git config --local branch.main.github-pr-owner-number [1ms]
2023-02-04 03:30:03.329 [info] > git config --get commit.template [6ms]
2023-02-04 03:30:03.330 [info] > git for-each-ref --format=%(refname)%00%(upstream:short)%00%(objectname)%00%(upstream:track)%00%(upstream:remotename)%00%(upstream:remoteref) refs/heads/main refs/remotes/main [2ms]
2023-02-04 03:30:03.341 [info] > git for-each-ref --sort -committerdate --format %(refname) %(objectname) %(*objectname) [1ms]
2023-02-04 03:30:03.350 [info] > git status -z -uall [15ms]
2023-02-04 03:35:03.359 [info] > git config --local branch.main.github-pr-owner-number [0ms]
2023-02-04 03:35:03.372 [info] > git config --get commit.template [6ms]
2023-02-04 03:35:03.373 [info] > git for-each-ref --format=%(refname)%00%(upstream:short)%00%(objectname)%00%(upstream:track)%00%(upstream:remotename)%00%(upstream:remoteref) refs/heads/main refs/remotes/main [1ms]
2023-02-04 03:35:03.388 [info] > git for-each-ref --sort -committerdate --format %(refname) %(objectname) %(*objectname) [2ms]
2023-02-04 03:35:03.396 [info] > git status -z -uall [17ms]
2023-02-04 03:40:03.404 [info] > git config --local branch.main.github-pr-owner-number [1ms]
2023-02-04 03:40:03.416 [info] > git config --get commit.template [6ms]
2023-02-04 03:40:03.417 [info] > git for-each-ref --format=%(refname)%00%(upstream:short)%00%(objectname)%00%(upstream:track)%00%(upstream:remotename)%00%(upstream:remoteref) refs/heads/main refs/remotes/main [1ms]
2023-02-04 03:40:03.429 [info] > git for-each-ref --sort -committerdate --format %(refname) %(objectname) %(*objectname) [1ms]
2023-02-04 03:40:03.438 [info] > git status -z -uall [16ms]
2023-02-04 03:45:03.445 [info] > git config --local branch.main.github-pr-owner-number [1ms]
2023-02-04 03:45:03.459 [info] > git config --get commit.template [7ms]
2023-02-04 03:45:03.460 [info] > git for-each-ref --format=%(refname)%00%(upstream:short)%00%(objectname)%00%(upstream:track)%00%(upstream:remotename)%00%(upstream:remoteref) refs/heads/main refs/remotes/main [2ms]
2023-02-04 03:45:03.473 [info] > git for-each-ref --sort -committerdate --format %(refname) %(objectname) %(*objectname) [1ms]
2023-02-04 03:45:03.480 [info] > git status -z -uall [14ms]
2023-02-04 03:50:03.489 [info] > git config --local branch.main.github-pr-owner-number [2ms]
2023-02-04 03:50:03.501 [info] > git config --get commit.template [6ms]
2023-02-04 03:50:03.502 [info] > git for-each-ref --format=%(refname)%00%(upstream:short)%00%(objectname)%00%(upstream:track)%00%(upstream:remotename)%00%(upstream:remoteref) refs/heads/main refs/remotes/main [1ms]
2023-02-04 03:50:03.514 [info] > git for-each-ref --sort -committerdate --format %(refname) %(objectname) %(*objectname) [1ms]
2023-02-04 03:50:03.521 [info] > git status -z -uall [14ms]
2023-02-04 03:55:03.530 [info] > git config --local branch.main.github-pr-owner-number [1ms]
2023-02-04 03:55:03.543 [info] > git config --get commit.template [7ms]
2023-02-04 03:55:03.545 [info] > git for-each-ref --format=%(refname)%00%(upstream:short)%00%(objectname)%00%(upstream:track)%00%(upstream:remotename)%00%(upstream:remoteref) refs/heads/main refs/remotes/main [2ms]
2023-02-04 03:55:03.558 [info] > git for-each-ref --sort -committerdate --format %(refname) %(objectname) %(*objectname) [1ms]
2023-02-04 03:55:03.566 [info] > git status -z -uall [15ms]
2023-02-04 04:00:03.575 [info] > git config --local branch.main.github-pr-owner-number [1ms]
2023-02-04 04:00:03.589 [info] > git config --get commit.template [7ms]
2023-02-04 04:00:03.591 [info] > git for-each-ref --format=%(refname)%00%(upstream:short)%00%(objectname)%00%(upstream:track)%00%(upstream:remotename)%00%(upstream:remoteref) refs/heads/main refs/remotes/main [2ms]
2023-02-04 04:00:03.603 [info] > git for-each-ref --sort -committerdate --format %(refname) %(objectname) %(*objectname) [1ms]
2023-02-04 04:00:03.612 [info] > git status -z -uall [16ms]
2023-02-04 04:05:03.621 [info] > git config --local branch.main.github-pr-owner-number [1ms]
2023-02-04 04:05:03.633 [info] > git config --get commit.template [6ms]
2023-02-04 04:05:03.634 [info] > git for-each-ref --format=%(refname)%00%(upstream:short)%00%(objectname)%00%(upstream:track)%00%(upstream:remotename)%00%(upstream:remoteref) refs/heads/main refs/remotes/main [2ms]
2023-02-04 04:05:03.649 [info] > git for-each-ref --sort -committerdate --format %(refname) %(objectname) %(*objectname) [1ms]
2023-02-04 04:05:03.657 [info] > git status -z -uall [17ms]
2023-02-04 04:10:03.666 [info] > git config --local branch.main.github-pr-owner-number [1ms]
2023-02-04 04:10:03.678 [info] > git config --get commit.template [5ms]
2023-02-04 04:10:03.679 [info] > git for-each-ref --format=%(refname)%00%(upstream:short)%00%(objectname)%00%(upstream:track)%00%(upstream:remotename)%00%(upstream:remoteref) refs/heads/main refs/remotes/main [1ms]
2023-02-04 04:10:03.692 [info] > git for-each-ref --sort -committerdate --format %(refname) %(objectname) %(*objectname) [1ms]
2023-02-04 04:10:03.701 [info] > git status -z -uall [18ms]
2023-02-04 04:15:03.710 [info] > git config --local branch.main.github-pr-owner-number [1ms]
2023-02-04 04:15:03.723 [info] > git config --get commit.template [7ms]
2023-02-04 04:15:03.724 [info] > git for-each-ref --format=%(refname)%00%(upstream:short)%00%(objectname)%00%(upstream:track)%00%(upstream:remotename)%00%(upstream:remoteref) refs/heads/main refs/remotes/main [2ms]
2023-02-04 04:15:03.733 [info] > git for-each-ref --sort -committerdate --format %(refname) %(objectname) %(*objectname) [1ms]
2023-02-04 04:15:03.744 [info] > git status -z -uall [17ms]
2023-02-04 04:20:03.752 [info] > git config --local branch.main.github-pr-owner-number [1ms]
2023-02-04 04:20:03.764 [info] > git config --get commit.template [6ms]
2023-02-04 04:20:03.765 [info] > git for-each-ref --format=%(refname)%00%(upstream:short)%00%(objectname)%00%(upstream:track)%00%(upstream:remotename)%00%(upstream:remoteref) refs/heads/main refs/remotes/main [2ms]
2023-02-04 04:20:03.778 [info] > git for-each-ref --sort -committerdate --format %(refname) %(objectname) %(*objectname) [1ms]
2023-02-04 04:20:03.787 [info] > git status -z -uall [16ms]
2023-02-04 04:25:03.796 [info] > git config --local branch.main.github-pr-owner-number [1ms]
2023-02-04 04:25:03.807 [info] > git config --get commit.template [5ms]
2023-02-04 04:25:03.808 [info] > git for-each-ref --format=%(refname)%00%(upstream:short)%00%(objectname)%00%(upstream:track)%00%(upstream:remotename)%00%(upstream:remoteref) refs/heads/main refs/remotes/main [2ms]
2023-02-04 04:25:03.819 [info] > git for-each-ref --sort -committerdate --format %(refname) %(objectname) %(*objectname) [1ms]
2023-02-04 04:25:03.829 [info] > git status -z -uall [16ms]
2023-02-04 04:30:03.839 [info] > git config --local branch.main.github-pr-owner-number [1ms]
2023-02-04 04:30:03.851 [info] > git config --get commit.template [6ms]
2023-02-04 04:30:03.852 [info] > git for-each-ref --format=%(refname)%00%(upstream:short)%00%(objectname)%00%(upstream:track)%00%(upstream:remotename)%00%(upstream:remoteref) refs/heads/main refs/remotes/main [1ms]
2023-02-04 04:30:03.867 [info] > git for-each-ref --sort -committerdate --format %(refname) %(objectname) %(*objectname) [1ms]
2023-02-04 04:30:03.875 [info] > git status -z -uall [16ms]
2023-02-04 04:35:03.883 [info] > git config --local branch.main.github-pr-owner-number [1ms]
2023-02-04 04:35:03.896 [info] > git config --get commit.template [6ms]
2023-02-04 04:35:03.896 [info] > git for-each-ref --format=%(refname)%00%(upstream:short)%00%(objectname)%00%(upstream:track)%00%(upstream:remotename)%00%(upstream:remoteref) refs/heads/main refs/remotes/main [1ms]
2023-02-04 04:35:03.911 [info] > git for-each-ref --sort -committerdate --format %(refname) %(objectname) %(*objectname) [2ms]
2023-02-04 04:35:03.919 [info] > git status -z -uall [16ms]
2023-02-04 04:40:03.928 [info] > git config --local branch.main.github-pr-owner-number [1ms]
2023-02-04 04:40:03.941 [info] > git config --get commit.template [6ms]
2023-02-04 04:40:03.942 [info] > git for-each-ref --format=%(refname)%00%(upstream:short)%00%(objectname)%00%(upstream:track)%00%(upstream:remotename)%00%(upstream:remoteref) refs/heads/main refs/remotes/main [1ms]
2023-02-04 04:40:03.955 [info] > git for-each-ref --sort -committerdate --format %(refname) %(objectname) %(*objectname) [1ms]
2023-02-04 04:40:03.964 [info] > git status -z -uall [16ms]
2023-02-04 04:45:03.972 [info] > git config --local branch.main.github-pr-owner-number [0ms]
2023-02-04 04:45:03.985 [info] > git config --get commit.template [7ms]
2023-02-04 04:45:03.986 [info] > git for-each-ref --format=%(refname)%00%(upstream:short)%00%(objectname)%00%(upstream:track)%00%(upstream:remotename)%00%(upstream:remoteref) refs/heads/main refs/remotes/main [2ms]
2023-02-04 04:45:03.998 [info] > git for-each-ref --sort -committerdate --format %(refname) %(objectname) %(*objectname) [1ms]
2023-02-04 04:45:04.007 [info] > git status -z -uall [16ms]
2023-02-04 04:50:04.017 [info] > git config --local branch.main.github-pr-owner-number [1ms]
2023-02-04 04:50:04.032 [info] > git config --get commit.template [6ms]
2023-02-04 04:50:04.033 [info] > git for-each-ref --format=%(refname)%00%(upstream:short)%00%(objectname)%00%(upstream:track)%00%(upstream:remotename)%00%(upstream:remoteref) refs/heads/main refs/remotes/main [2ms]
2023-02-04 04:50:04.047 [info] > git for-each-ref --sort -committerdate --format %(refname) %(objectname) %(*objectname) [1ms]
2023-02-04 04:50:04.055 [info] > git status -z -uall [16ms]
2023-02-04 04:55:04.064 [info] > git config --local branch.main.github-pr-owner-number [1ms]
2023-02-04 04:55:04.077 [info] > git config --get commit.template [6ms]
2023-02-04 04:55:04.078 [info] > git for-each-ref --format=%(refname)%00%(upstream:short)%00%(objectname)%00%(upstream:track)%00%(upstream:remotename)%00%(upstream:remoteref) refs/heads/main refs/remotes/main [1ms]
2023-02-04 04:55:04.091 [info] > git for-each-ref --sort -committerdate --format %(refname) %(objectname) %(*objectname) [1ms]
2023-02-04 04:55:04.099 [info] > git status -z -uall [15ms]
2023-02-04 05:00:04.108 [info] > git config --local branch.main.github-pr-owner-number [1ms]
2023-02-04 05:00:04.121 [info] > git config --get commit.template [7ms]
2023-02-04 05:00:04.122 [info] > git for-each-ref --format=%(refname)%00%(upstream:short)%00%(objectname)%00%(upstream:track)%00%(upstream:remotename)%00%(upstream:remoteref) refs/heads/main refs/remotes/main [2ms]
2023-02-04 05:00:04.137 [info] > git for-each-ref --sort -committerdate --format %(refname) %(objectname) %(*objectname) [1ms]
2023-02-04 05:00:04.145 [info] > git status -z -uall [16ms]
2023-02-04 05:05:04.153 [info] > git config --local branch.main.github-pr-owner-number [1ms]
2023-02-04 05:05:04.168 [info] > git config --get commit.template [7ms]
2023-02-04 05:05:04.169 [info] > git for-each-ref --format=%(refname)%00%(upstream:short)%00%(objectname)%00%(upstream:track)%00%(upstream:remotename)%00%(upstream:remoteref) refs/heads/main refs/remotes/main [2ms]
2023-02-04 05:05:04.182 [info] > git for-each-ref --sort -committerdate --format %(refname) %(objectname) %(*objectname) [1ms]
2023-02-04 05:05:04.192 [info] > git status -z -uall [18ms]
2023-02-04 05:10:04.201 [info] > git config --local branch.main.github-pr-owner-number [1ms]
2023-02-04 05:10:04.215 [info] > git config --get commit.template [8ms]
2023-02-04 05:10:04.216 [info] > git for-each-ref --format=%(refname)%00%(upstream:short)%00%(objectname)%00%(upstream:track)%00%(upstream:remotename)%00%(upstream:remoteref) refs/heads/main refs/remotes/main [2ms]
2023-02-04 05:10:04.229 [info] > git for-each-ref --sort -committerdate --format %(refname) %(objectname) %(*objectname) [1ms]
2023-02-04 05:10:04.237 [info] > git status -z -uall [16ms]
2023-02-04 05:15:04.248 [info] > git config --local branch.main.github-pr-owner-number [1ms]
2023-02-04 05:15:04.260 [info] > git config --get commit.template [6ms]
2023-02-04 05:15:04.261 [info] > git for-each-ref --format=%(refname)%00%(upstream:short)%00%(objectname)%00%(upstream:track)%00%(upstream:remotename)%00%(upstream:remoteref) refs/heads/main refs/remotes/main [2ms]
2023-02-04 05:15:04.272 [info] > git for-each-ref --sort -committerdate --format %(refname) %(objectname) %(*objectname) [1ms]
2023-02-04 05:15:04.280 [info] > git status -z -uall [15ms]
2023-02-04 05:20:04.290 [info] > git config --local branch.main.github-pr-owner-number [1ms]
2023-02-04 05:20:04.298 [info] > git config --get commit.template [2ms]
2023-02-04 05:20:04.304 [info] > git for-each-ref --format=%(refname)%00%(upstream:short)%00%(objectname)%00%(upstream:track)%00%(upstream:remotename)%00%(upstream:remoteref) refs/heads/main refs/remotes/main [1ms]
2023-02-04 05:20:04.320 [info] > git for-each-ref --sort -committerdate --format %(refname) %(objectname) %(*objectname) [1ms]
2023-02-04 05:20:04.327 [info] > git status -z -uall [17ms]
2023-02-04 05:25:04.336 [info] > git config --local branch.main.github-pr-owner-number [1ms]
2023-02-04 05:25:04.348 [info] > git config --get commit.template [6ms]
2023-02-04 05:25:04.349 [info] > git for-each-ref --format=%(refname)%00%(upstream:short)%00%(objectname)%00%(upstream:track)%00%(upstream:remotename)%00%(upstream:remoteref) refs/heads/main refs/remotes/main [1ms]
2023-02-04 05:25:04.364 [info] > git for-each-ref --sort -committerdate --format %(refname) %(objectname) %(*objectname) [1ms]
2023-02-04 05:25:04.373 [info] > git status -z -uall [18ms]
2023-02-04 05:30:04.383 [info] > git config --local branch.main.github-pr-owner-number [1ms]
2023-02-04 05:30:04.396 [info] > git config --get commit.template [7ms]
2023-02-04 05:30:04.397 [info] > git for-each-ref --format=%(refname)%00%(upstream:short)%00%(objectname)%00%(upstream:track)%00%(upstream:remotename)%00%(upstream:remoteref) refs/heads/main refs/remotes/main [1ms]
2023-02-04 05:30:04.414 [info] > git for-each-ref --sort -committerdate --format %(refname) %(objectname) %(*objectname) [2ms]
2023-02-04 05:30:04.420 [info] > git status -z -uall [17ms]
2023-02-04 05:35:04.430 [info] > git config --local branch.main.github-pr-owner-number [1ms]
2023-02-04 05:35:04.442 [info] > git config --get commit.template [6ms]
2023-02-04 05:35:04.443 [info] > git for-each-ref --format=%(refname)%00%(upstream:short)%00%(objectname)%00%(upstream:track)%00%(upstream:remotename)%00%(upstream:remoteref) refs/heads/main refs/remotes/main [2ms]
2023-02-04 05:35:04.458 [info] > git for-each-ref --sort -committerdate --format %(refname) %(objectname) %(*objectname) [1ms]
2023-02-04 05:35:04.466 [info] > git status -z -uall [16ms]
2023-02-04 05:40:04.477 [info] > git config --local branch.main.github-pr-owner-number [0ms]
2023-02-04 05:40:04.491 [info] > git config --get commit.template [7ms]
2023-02-04 05:40:04.492 [info] > git for-each-ref --format=%(refname)%00%(upstream:short)%00%(objectname)%00%(upstream:track)%00%(upstream:remotename)%00%(upstream:remoteref) refs/heads/main refs/remotes/main [1ms]
2023-02-04 05:40:04.507 [info] > git for-each-ref --sort -committerdate --format %(refname) %(objectname) %(*objectname) [1ms]
2023-02-04 05:40:04.515 [info] > git status -z -uall [17ms]
2023-02-04 05:45:04.525 [info] > git config --local branch.main.github-pr-owner-number [0ms]
2023-02-04 05:45:04.538 [info] > git config --get commit.template [6ms]
2023-02-04 05:45:04.540 [info] > git for-each-ref --format=%(refname)%00%(upstream:short)%00%(objectname)%00%(upstream:track)%00%(upstream:remotename)%00%(upstream:remoteref) refs/heads/main refs/remotes/main [1ms]
2023-02-04 05:45:04.554 [info] > git for-each-ref --sort -committerdate --format %(refname) %(objectname) %(*objectname) [1ms]
2023-02-04 05:45:04.561 [info] > git status -z -uall [16ms]
2023-02-04 05:50:04.570 [info] > git config --local branch.main.github-pr-owner-number [1ms]
2023-02-04 05:50:04.580 [info] > git config --get commit.template [5ms]
2023-02-04 05:50:04.581 [info] > git for-each-ref --format=%(refname)%00%(upstream:short)%00%(objectname)%00%(upstream:track)%00%(upstream:remotename)%00%(upstream:remoteref) refs/heads/main refs/remotes/main [1ms]
2023-02-04 05:50:04.595 [info] > git for-each-ref --sort -committerdate --format %(refname) %(objectname) %(*objectname) [1ms]
2023-02-04 05:50:04.602 [info] > git status -z -uall [16ms]
2023-02-04 05:55:04.612 [info] > git config --local branch.main.github-pr-owner-number [0ms]
2023-02-04 05:55:04.625 [info] > git config --get commit.template [6ms]
2023-02-04 05:55:04.626 [info] > git for-each-ref --format=%(refname)%00%(upstream:short)%00%(objectname)%00%(upstream:track)%00%(upstream:remotename)%00%(upstream:remoteref) refs/heads/main refs/remotes/main [1ms]
2023-02-04 05:55:04.639 [info] > git for-each-ref --sort -committerdate --format %(refname) %(objectname) %(*objectname) [1ms]
2023-02-04 05:55:04.648 [info] > git status -z -uall [16ms]
2023-02-04 06:00:04.657 [info] > git config --local branch.main.github-pr-owner-number [1ms]
2023-02-04 06:00:04.669 [info] > git config --get commit.template [6ms]
2023-02-04 06:00:04.671 [info] > git for-each-ref --format=%(refname)%00%(upstream:short)%00%(objectname)%00%(upstream:track)%00%(upstream:remotename)%00%(upstream:remoteref) refs/heads/main refs/remotes/main [2ms]
2023-02-04 06:00:04.686 [info] > git for-each-ref --sort -committerdate --format %(refname) %(objectname) %(*objectname) [2ms]
2023-02-04 06:00:04.696 [info] > git status -z -uall [18ms]
2023-02-04 06:05:04.704 [info] > git config --local branch.main.github-pr-owner-number [1ms]
2023-02-04 06:05:04.717 [info] > git config --get commit.template [7ms]
2023-02-04 06:05:04.718 [info] > git for-each-ref --format=%(refname)%00%(upstream:short)%00%(objectname)%00%(upstream:track)%00%(upstream:remotename)%00%(upstream:remoteref) refs/heads/main refs/remotes/main [1ms]
2023-02-04 06:05:04.734 [info] > git for-each-ref --sort -committerdate --format %(refname) %(objectname) %(*objectname) [2ms]
2023-02-04 06:05:04.740 [info] > git status -z -uall [16ms]
2023-02-04 06:10:04.751 [info] > git config --local branch.main.github-pr-owner-number [1ms]
2023-02-04 06:10:04.764 [info] > git config --get commit.template [6ms]
2023-02-04 06:10:04.765 [info] > git for-each-ref --format=%(refname)%00%(upstream:short)%00%(objectname)%00%(upstream:track)%00%(upstream:remotename)%00%(upstream:remoteref) refs/heads/main refs/remotes/main [1ms]
2023-02-04 06:10:04.779 [info] > git for-each-ref --sort -committerdate --format %(refname) %(objectname) %(*objectname) [1ms]
2023-02-04 06:10:04.789 [info] > git status -z -uall [17ms]
2023-02-04 06:15:04.799 [info] > git config --local branch.main.github-pr-owner-number [1ms]
2023-02-04 06:15:04.813 [info] > git config --get commit.template [6ms]
2023-02-04 06:15:04.814 [info] > git for-each-ref --format=%(refname)%00%(upstream:short)%00%(objectname)%00%(upstream:track)%00%(upstream:remotename)%00%(upstream:remoteref) refs/heads/main refs/remotes/main [1ms]
2023-02-04 06:15:04.827 [info] > git for-each-ref --sort -committerdate --format %(refname) %(objectname) %(*objectname) [2ms]
2023-02-04 06:15:04.835 [info] > git status -z -uall [16ms]
2023-02-04 06:20:04.844 [info] > git config --local branch.main.github-pr-owner-number [1ms]
2023-02-04 06:20:04.855 [info] > git config --get commit.template [6ms]
2023-02-04 06:20:04.856 [info] > git for-each-ref --format=%(refname)%00%(upstream:short)%00%(objectname)%00%(upstream:track)%00%(upstream:remotename)%00%(upstream:remoteref) refs/heads/main refs/remotes/main [2ms]
2023-02-04 06:20:04.869 [info] > git for-each-ref --sort -committerdate --format %(refname) %(objectname) %(*objectname) [1ms]
2023-02-04 06:20:04.878 [info] > git status -z -uall [16ms]
2023-02-04 06:25:04.886 [info] > git config --local branch.main.github-pr-owner-number [1ms]
2023-02-04 06:25:04.901 [info] > git config --get commit.template [7ms]
2023-02-04 06:25:04.902 [info] > git for-each-ref --format=%(refname)%00%(upstream:short)%00%(objectname)%00%(upstream:track)%00%(upstream:remotename)%00%(upstream:remoteref) refs/heads/main refs/remotes/main [2ms]
2023-02-04 06:25:04.915 [info] > git for-each-ref --sort -committerdate --format %(refname) %(objectname) %(*objectname) [1ms]
2023-02-04 06:25:04.923 [info] > git status -z -uall [15ms]
2023-02-04 06:30:04.932 [info] > git config --local branch.main.github-pr-owner-number [1ms]
2023-02-04 06:30:04.946 [info] > git config --get commit.template [8ms]
2023-02-04 06:30:04.947 [info] > git for-each-ref --format=%(refname)%00%(upstream:short)%00%(objectname)%00%(upstream:track)%00%(upstream:remotename)%00%(upstream:remoteref) refs/heads/main refs/remotes/main [2ms]
2023-02-04 06:30:04.962 [info] > git for-each-ref --sort -committerdate --format %(refname) %(objectname) %(*objectname) [1ms]
2023-02-04 06:30:04.971 [info] > git status -z -uall [17ms]
2023-02-04 06:35:04.981 [info] > git config --local branch.main.github-pr-owner-number [0ms]
2023-02-04 06:35:04.995 [info] > git config --get commit.template [7ms]
2023-02-04 06:35:04.996 [info] > git for-each-ref --format=%(refname)%00%(upstream:short)%00%(objectname)%00%(upstream:track)%00%(upstream:remotename)%00%(upstream:remoteref) refs/heads/main refs/remotes/main [2ms]
2023-02-04 06:35:05.012 [info] > git for-each-ref --sort -committerdate --format %(refname) %(objectname) %(*objectname) [1ms]
2023-02-04 06:35:05.019 [info] > git status -z -uall [16ms]
2023-02-04 06:40:05.028 [info] > git config --local branch.main.github-pr-owner-number [1ms]
2023-02-04 06:40:05.042 [info] > git config --get commit.template [6ms]
2023-02-04 06:40:05.042 [info] > git for-each-ref --format=%(refname)%00%(upstream:short)%00%(objectname)%00%(upstream:track)%00%(upstream:remotename)%00%(upstream:remoteref) refs/heads/main refs/remotes/main [1ms]
2023-02-04 06:40:05.055 [info] > git for-each-ref --sort -committerdate --format %(refname) %(objectname) %(*objectname) [1ms]
2023-02-04 06:40:05.065 [info] > git status -z -uall [17ms]
2023-02-04 06:45:05.073 [info] > git config --local branch.main.github-pr-owner-number [1ms]
2023-02-04 06:45:05.085 [info] > git config --get commit.template [6ms]
2023-02-04 06:45:05.086 [info] > git for-each-ref --format=%(refname)%00%(upstream:short)%00%(objectname)%00%(upstream:track)%00%(upstream:remotename)%00%(upstream:remoteref) refs/heads/main refs/remotes/main [1ms]
2023-02-04 06:45:05.099 [info] > git for-each-ref --sort -committerdate --format %(refname) %(objectname) %(*objectname) [1ms]
2023-02-04 06:45:05.108 [info] > git status -z -uall [16ms]
2023-02-04 06:50:05.118 [info] > git config --local branch.main.github-pr-owner-number [1ms]
2023-02-04 06:50:05.135 [info] > git config --get commit.template [8ms]
2023-02-04 06:50:05.135 [info] > git for-each-ref --format=%(refname)%00%(upstream:short)%00%(objectname)%00%(upstream:track)%00%(upstream:remotename)%00%(upstream:remoteref) refs/heads/main refs/remotes/main [1ms]
2023-02-04 06:50:05.152 [info] > git for-each-ref --sort -committerdate --format %(refname) %(objectname) %(*objectname) [1ms]
2023-02-04 06:50:05.160 [info] > git status -z -uall [17ms]
2023-02-04 06:55:05.171 [info] > git config --local branch.main.github-pr-owner-number [1ms]
2023-02-04 06:55:05.186 [info] > git config --get commit.template [6ms]
2023-02-04 06:55:05.187 [info] > git for-each-ref --format=%(refname)%00%(upstream:short)%00%(objectname)%00%(upstream:track)%00%(upstream:remotename)%00%(upstream:remoteref) refs/heads/main refs/remotes/main [1ms]
2023-02-04 06:55:05.202 [info] > git for-each-ref --sort -committerdate --format %(refname) %(objectname) %(*objectname) [2ms]
2023-02-04 06:55:05.211 [info] > git status -z -uall [17ms]
2023-02-04 07:00:05.223 [info] > git config --local branch.main.github-pr-owner-number [0ms]
2023-02-04 07:00:05.237 [info] > git config --get commit.template [7ms]
2023-02-04 07:00:05.238 [info] > git for-each-ref --format=%(refname)%00%(upstream:short)%00%(objectname)%00%(upstream:track)%00%(upstream:remotename)%00%(upstream:remoteref) refs/heads/main refs/remotes/main [1ms]
2023-02-04 07:00:05.253 [info] > git for-each-ref --sort -committerdate --format %(refname) %(objectname) %(*objectname) [1ms]
2023-02-04 07:00:05.260 [info] > git status -z -uall [16ms]
2023-02-04 07:05:05.269 [info] > git config --local branch.main.github-pr-owner-number [1ms]
2023-02-04 07:05:05.280 [info] > git config --get commit.template [5ms]
2023-02-04 07:05:05.281 [info] > git for-each-ref --format=%(refname)%00%(upstream:short)%00%(objectname)%00%(upstream:track)%00%(upstream:remotename)%00%(upstream:remoteref) refs/heads/main refs/remotes/main [2ms]
2023-02-04 07:05:05.294 [info] > git for-each-ref --sort -committerdate --format %(refname) %(objectname) %(*objectname) [1ms]
2023-02-04 07:05:05.301 [info] > git status -z -uall [16ms]
2023-02-04 07:10:05.309 [info] > git config --local branch.main.github-pr-owner-number [1ms]
2023-02-04 07:10:05.322 [info] > git config --get commit.template [7ms]
2023-02-04 07:10:05.323 [info] > git for-each-ref --format=%(refname)%00%(upstream:short)%00%(objectname)%00%(upstream:track)%00%(upstream:remotename)%00%(upstream:remoteref) refs/heads/main refs/remotes/main [1ms]
2023-02-04 07:10:05.336 [info] > git for-each-ref --sort -committerdate --format %(refname) %(objectname) %(*objectname) [1ms]
2023-02-04 07:10:05.346 [info] > git status -z -uall [17ms]
2023-02-04 07:15:05.356 [info] > git config --local branch.main.github-pr-owner-number [1ms]
2023-02-04 07:15:05.368 [info] > git config --get commit.template [7ms]
2023-02-04 07:15:05.369 [info] > git for-each-ref --format=%(refname)%00%(upstream:short)%00%(objectname)%00%(upstream:track)%00%(upstream:remotename)%00%(upstream:remoteref) refs/heads/main refs/remotes/main [2ms]
2023-02-04 07:15:05.382 [info] > git for-each-ref --sort -committerdate --format %(refname) %(objectname) %(*objectname) [2ms]
2023-02-04 07:15:05.389 [info] > git status -z -uall [14ms]
2023-02-04 07:20:05.398 [info] > git config --local branch.main.github-pr-owner-number [1ms]
2023-02-04 07:20:05.413 [info] > git config --get commit.template [8ms]
2023-02-04 07:20:05.414 [info] > git for-each-ref --format=%(refname)%00%(upstream:short)%00%(objectname)%00%(upstream:track)%00%(upstream:remotename)%00%(upstream:remoteref) refs/heads/main refs/remotes/main [2ms]
2023-02-04 07:20:05.429 [info] > git for-each-ref --sort -committerdate --format %(refname) %(objectname) %(*objectname) [1ms]
2023-02-04 07:20:05.437 [info] > git status -z -uall [15ms]
2023-02-04 07:25:05.448 [info] > git config --local branch.main.github-pr-owner-number [1ms]
2023-02-04 07:25:05.461 [info] > git config --get commit.template [7ms]
2023-02-04 07:25:05.462 [info] > git for-each-ref --format=%(refname)%00%(upstream:short)%00%(objectname)%00%(upstream:track)%00%(upstream:remotename)%00%(upstream:remoteref) refs/heads/main refs/remotes/main [2ms]
2023-02-04 07:25:05.475 [info] > git for-each-ref --sort -committerdate --format %(refname) %(objectname) %(*objectname) [1ms]
2023-02-04 07:25:05.484 [info] > git status -z -uall [16ms]
2023-02-04 07:30:05.492 [info] > git config --local branch.main.github-pr-owner-number [1ms]
2023-02-04 07:30:05.503 [info] > git config --get commit.template [5ms]
2023-02-04 07:30:05.504 [info] > git for-each-ref --format=%(refname)%00%(upstream:short)%00%(objectname)%00%(upstream:track)%00%(upstream:remotename)%00%(upstream:remoteref) refs/heads/main refs/remotes/main [1ms]
2023-02-04 07:30:05.517 [info] > git for-each-ref --sort -committerdate --format %(refname) %(objectname) %(*objectname) [1ms]
2023-02-04 07:30:05.524 [info] > git status -z -uall [14ms]
2023-02-04 07:35:05.534 [info] > git config --local branch.main.github-pr-owner-number [1ms]
2023-02-04 07:35:05.548 [info] > git config --get commit.template [7ms]
2023-02-04 07:35:05.548 [info] > git for-each-ref --format=%(refname)%00%(upstream:short)%00%(objectname)%00%(upstream:track)%00%(upstream:remotename)%00%(upstream:remoteref) refs/heads/main refs/remotes/main [2ms]
2023-02-04 07:35:05.562 [info] > git for-each-ref --sort -committerdate --format %(refname) %(objectname) %(*objectname) [1ms]
2023-02-04 07:35:05.570 [info] > git status -z -uall [15ms]
2023-02-04 07:40:05.580 [info] > git config --local branch.main.github-pr-owner-number [0ms]
2023-02-04 07:40:05.593 [info] > git config --get commit.template [7ms]
2023-02-04 07:40:05.594 [info] > git for-each-ref --format=%(refname)%00%(upstream:short)%00%(objectname)%00%(upstream:track)%00%(upstream:remotename)%00%(upstream:remoteref) refs/heads/main refs/remotes/main [2ms]
2023-02-04 07:40:05.607 [info] > git for-each-ref --sort -committerdate --format %(refname) %(objectname) %(*objectname) [1ms]
2023-02-04 07:40:05.617 [info] > git status -z -uall [17ms]
2023-02-04 07:45:05.626 [info] > git config --local branch.main.github-pr-owner-number [1ms]
2023-02-04 07:45:05.638 [info] > git config --get commit.template [6ms]
2023-02-04 07:45:05.639 [info] > git for-each-ref --format=%(refname)%00%(upstream:short)%00%(objectname)%00%(upstream:track)%00%(upstream:remotename)%00%(upstream:remoteref) refs/heads/main refs/remotes/main [1ms]
2023-02-04 07:45:05.656 [info] > git for-each-ref --sort -committerdate --format %(refname) %(objectname) %(*objectname) [1ms]
2023-02-04 07:45:05.665 [info] > git status -z -uall [18ms]
2023-02-04 07:50:05.673 [info] > git config --local branch.main.github-pr-owner-number [1ms]
2023-02-04 07:50:05.685 [info] > git config --get commit.template [6ms]
2023-02-04 07:50:05.687 [info] > git for-each-ref --format=%(refname)%00%(upstream:short)%00%(objectname)%00%(upstream:track)%00%(upstream:remotename)%00%(upstream:remoteref) refs/heads/main refs/remotes/main [2ms]
2023-02-04 07:50:05.703 [info] > git for-each-ref --sort -committerdate --format %(refname) %(objectname) %(*objectname) [1ms]
2023-02-04 07:50:05.714 [info] > git status -z -uall [20ms]
2023-02-04 07:55:05.723 [info] > git config --local branch.main.github-pr-owner-number [1ms]
2023-02-04 07:55:05.736 [info] > git config --get commit.template [7ms]
2023-02-04 07:55:05.737 [info] > git for-each-ref --format=%(refname)%00%(upstream:short)%00%(objectname)%00%(upstream:track)%00%(upstream:remotename)%00%(upstream:remoteref) refs/heads/main refs/remotes/main [1ms]
2023-02-04 07:55:05.752 [info] > git for-each-ref --sort -committerdate --format %(refname) %(objectname) %(*objectname) [2ms]
2023-02-04 07:55:05.759 [info] > git status -z -uall [16ms]
2023-02-04 08:00:05.769 [info] > git config --local branch.main.github-pr-owner-number [0ms]
2023-02-04 08:00:05.781 [info] > git config --get commit.template [6ms]
2023-02-04 08:00:05.783 [info] > git for-each-ref --format=%(refname)%00%(upstream:short)%00%(objectname)%00%(upstream:track)%00%(upstream:remotename)%00%(upstream:remoteref) refs/heads/main refs/remotes/main [2ms]
2023-02-04 08:00:05.796 [info] > git for-each-ref --sort -committerdate --format %(refname) %(objectname) %(*objectname) [1ms]
2023-02-04 08:00:05.805 [info] > git status -z -uall [16ms]
2023-02-04 08:05:05.813 [info] > git config --local branch.main.github-pr-owner-number [1ms]
2023-02-04 08:05:05.826 [info] > git config --get commit.template [7ms]
2023-02-04 08:05:05.827 [info] > git for-each-ref --format=%(refname)%00%(upstream:short)%00%(objectname)%00%(upstream:track)%00%(upstream:remotename)%00%(upstream:remoteref) refs/heads/main refs/remotes/main [1ms]
2023-02-04 08:05:05.841 [info] > git for-each-ref --sort -committerdate --format %(refname) %(objectname) %(*objectname) [1ms]
2023-02-04 08:05:05.849 [info] > git status -z -uall [16ms]
2023-02-04 08:10:05.858 [info] > git config --local branch.main.github-pr-owner-number [1ms]
2023-02-04 08:10:05.872 [info] > git config --get commit.template [6ms]
2023-02-04 08:10:05.873 [info] > git for-each-ref --format=%(refname)%00%(upstream:short)%00%(objectname)%00%(upstream:track)%00%(upstream:remotename)%00%(upstream:remoteref) refs/heads/main refs/remotes/main [1ms]
2023-02-04 08:10:05.888 [info] > git for-each-ref --sort -committerdate --format %(refname) %(objectname) %(*objectname) [1ms]
2023-02-04 08:10:05.896 [info] > git status -z -uall [17ms]
2023-02-04 08:15:05.905 [info] > git config --local branch.main.github-pr-owner-number [0ms]
2023-02-04 08:15:05.918 [info] > git config --get commit.template [7ms]
2023-02-04 08:15:05.919 [info] > git for-each-ref --format=%(refname)%00%(upstream:short)%00%(objectname)%00%(upstream:track)%00%(upstream:remotename)%00%(upstream:remoteref) refs/heads/main refs/remotes/main [2ms]
2023-02-04 08:15:05.931 [info] > git for-each-ref --sort -committerdate --format %(refname) %(objectname) %(*objectname) [1ms]
2023-02-04 08:15:05.941 [info] > git status -z -uall [17ms]
2023-02-04 08:20:05.950 [info] > git config --local branch.main.github-pr-owner-number [1ms]
2023-02-04 08:20:05.965 [info] > git config --get commit.template [7ms]
2023-02-04 08:20:05.966 [info] > git for-each-ref --format=%(refname)%00%(upstream:short)%00%(objectname)%00%(upstream:track)%00%(upstream:remotename)%00%(upstream:remoteref) refs/heads/main refs/remotes/main [2ms]
2023-02-04 08:20:05.981 [info] > git for-each-ref --sort -committerdate --format %(refname) %(objectname) %(*objectname) [1ms]
2023-02-04 08:20:05.989 [info] > git status -z -uall [16ms]
2023-02-04 08:25:05.999 [info] > git config --local branch.main.github-pr-owner-number [1ms]
2023-02-04 08:25:06.010 [info] > git config --get commit.template [5ms]
2023-02-04 08:25:06.011 [info] > git for-each-ref --format=%(refname)%00%(upstream:short)%00%(objectname)%00%(upstream:track)%00%(upstream:remotename)%00%(upstream:remoteref) refs/heads/main refs/remotes/main [1ms]
2023-02-04 08:25:06.029 [info] > git for-each-ref --sort -committerdate --format %(refname) %(objectname) %(*objectname) [3ms]
2023-02-04 08:25:06.034 [info] > git status -z -uall [17ms]
2023-02-04 08:30:06.044 [info] > git config --local branch.main.github-pr-owner-number [1ms]
2023-02-04 08:30:06.059 [info] > git config --get commit.template [8ms]
2023-02-04 08:30:06.060 [info] > git for-each-ref --format=%(refname)%00%(upstream:short)%00%(objectname)%00%(upstream:track)%00%(upstream:remotename)%00%(upstream:remoteref) refs/heads/main refs/remotes/main [2ms]
2023-02-04 08:30:06.072 [info] > git for-each-ref --sort -committerdate --format %(refname) %(objectname) %(*objectname) [1ms]
2023-02-04 08:30:06.080 [info] > git status -z -uall [15ms]
2023-02-04 08:35:06.088 [info] > git config --local branch.main.github-pr-owner-number [1ms]
2023-02-04 08:35:06.101 [info] > git config --get commit.template [7ms]
2023-02-04 08:35:06.102 [info] > git for-each-ref --format=%(refname)%00%(upstream:short)%00%(objectname)%00%(upstream:track)%00%(upstream:remotename)%00%(upstream:remoteref) refs/heads/main refs/remotes/main [2ms]
2023-02-04 08:35:06.118 [info] > git for-each-ref --sort -committerdate --format %(refname) %(objectname) %(*objectname) [1ms]
2023-02-04 08:35:06.125 [info] > git status -z -uall [16ms]
2023-02-04 08:40:06.139 [info] > git config --local branch.main.github-pr-owner-number [2ms]
2023-02-04 08:40:06.157 [info] > git config --get commit.template [8ms]
2023-02-04 08:40:06.158 [info] > git for-each-ref --format=%(refname)%00%(upstream:short)%00%(objectname)%00%(upstream:track)%00%(upstream:remotename)%00%(upstream:remoteref) refs/heads/main refs/remotes/main [2ms]
2023-02-04 08:40:06.173 [info] > git for-each-ref --sort -committerdate --format %(refname) %(objectname) %(*objectname) [1ms]
2023-02-04 08:40:06.181 [info] > git status -z -uall [17ms]
2023-02-04 08:45:06.192 [info] > git config --local branch.main.github-pr-owner-number [1ms]
2023-02-04 08:45:06.206 [info] > git config --get commit.template [6ms]
2023-02-04 08:45:06.207 [info] > git for-each-ref --format=%(refname)%00%(upstream:short)%00%(objectname)%00%(upstream:track)%00%(upstream:remotename)%00%(upstream:remoteref) refs/heads/main refs/remotes/main [2ms]
2023-02-04 08:45:06.221 [info] > git for-each-ref --sort -committerdate --format %(refname) %(objectname) %(*objectname) [1ms]
2023-02-04 08:45:06.229 [info] > git status -z -uall [15ms]
2023-02-04 08:50:06.238 [info] > git config --local branch.main.github-pr-owner-number [1ms]
2023-02-04 08:50:06.253 [info] > git config --get commit.template [7ms]
2023-02-04 08:50:06.254 [info] > git for-each-ref --format=%(refname)%00%(upstream:short)%00%(objectname)%00%(upstream:track)%00%(upstream:remotename)%00%(upstream:remoteref) refs/heads/main refs/remotes/main [2ms]
2023-02-04 08:50:06.266 [info] > git for-each-ref --sort -committerdate --format %(refname) %(objectname) %(*objectname) [1ms]
2023-02-04 08:50:06.274 [info] > git status -z -uall [14ms]
2023-02-04 08:55:06.283 [info] > git config --local branch.main.github-pr-owner-number [1ms]
2023-02-04 08:55:06.297 [info] > git config --get commit.template [7ms]
2023-02-04 08:55:06.298 [info] > git for-each-ref --format=%(refname)%00%(upstream:short)%00%(objectname)%00%(upstream:track)%00%(upstream:remotename)%00%(upstream:remoteref) refs/heads/main refs/remotes/main [2ms]
2023-02-04 08:55:06.312 [info] > git for-each-ref --sort -committerdate --format %(refname) %(objectname) %(*objectname) [2ms]
2023-02-04 08:55:06.318 [info] > git status -z -uall [14ms]
2023-02-04 09:00:06.327 [info] > git config --local branch.main.github-pr-owner-number [1ms]
2023-02-04 09:00:06.342 [info] > git config --get commit.template [7ms]
2023-02-04 09:00:06.343 [info] > git for-each-ref --format=%(refname)%00%(upstream:short)%00%(objectname)%00%(upstream:track)%00%(upstream:remotename)%00%(upstream:remoteref) refs/heads/main refs/remotes/main [2ms]
2023-02-04 09:00:06.358 [info] > git for-each-ref --sort -committerdate --format %(refname) %(objectname) %(*objectname) [1ms]
2023-02-04 09:00:06.365 [info] > git status -z -uall [15ms]
2023-02-04 09:05:06.374 [info] > git config --local branch.main.github-pr-owner-number [1ms]
2023-02-04 09:05:06.388 [info] > git config --get commit.template [7ms]
2023-02-04 09:05:06.389 [info] > git for-each-ref --format=%(refname)%00%(upstream:short)%00%(objectname)%00%(upstream:track)%00%(upstream:remotename)%00%(upstream:remoteref) refs/heads/main refs/remotes/main [1ms]
2023-02-04 09:05:06.402 [info] > git for-each-ref --sort -committerdate --format %(refname) %(objectname) %(*objectname) [1ms]
2023-02-04 09:05:06.410 [info] > git status -z -uall [15ms]
2023-02-04 09:10:06.420 [info] > git config --local branch.main.github-pr-owner-number [1ms]
2023-02-04 09:10:06.432 [info] > git config --get commit.template [6ms]
2023-02-04 09:10:06.433 [info] > git for-each-ref --format=%(refname)%00%(upstream:short)%00%(objectname)%00%(upstream:track)%00%(upstream:remotename)%00%(upstream:remoteref) refs/heads/main refs/remotes/main [2ms]
2023-02-04 09:10:06.448 [info] > git for-each-ref --sort -committerdate --format %(refname) %(objectname) %(*objectname) [1ms]
2023-02-04 09:10:06.455 [info] > git status -z -uall [16ms]
2023-02-04 09:15:06.465 [info] > git config --local branch.main.github-pr-owner-number [2ms]
2023-02-04 09:15:06.477 [info] > git config --get commit.template [6ms]
2023-02-04 09:15:06.478 [info] > git for-each-ref --format=%(refname)%00%(upstream:short)%00%(objectname)%00%(upstream:track)%00%(upstream:remotename)%00%(upstream:remoteref) refs/heads/main refs/remotes/main [1ms]
2023-02-04 09:15:06.493 [info] > git for-each-ref --sort -committerdate --format %(refname) %(objectname) %(*objectname) [1ms]
2023-02-04 09:15:06.503 [info] > git status -z -uall [18ms]
2023-02-04 09:20:06.513 [info] > git config --local branch.main.github-pr-owner-number [1ms]
2023-02-04 09:20:06.521 [info] > git config --get commit.template [1ms]
2023-02-04 09:20:06.529 [info] > git for-each-ref --format=%(refname)%00%(upstream:short)%00%(objectname)%00%(upstream:track)%00%(upstream:remotename)%00%(upstream:remoteref) refs/heads/main refs/remotes/main [2ms]
2023-02-04 09:20:06.545 [info] > git for-each-ref --sort -committerdate --format %(refname) %(objectname) %(*objectname) [1ms]
2023-02-04 09:20:06.552 [info] > git status -z -uall [16ms]
2023-02-04 09:25:06.562 [info] > git config --local branch.main.github-pr-owner-number [2ms]
2023-02-04 09:25:06.575 [info] > git config --get commit.template [7ms]
2023-02-04 09:25:06.576 [info] > git for-each-ref --format=%(refname)%00%(upstream:short)%00%(objectname)%00%(upstream:track)%00%(upstream:remotename)%00%(upstream:remoteref) refs/heads/main refs/remotes/main [2ms]
2023-02-04 09:25:06.592 [info] > git for-each-ref --sort -committerdate --format %(refname) %(objectname) %(*objectname) [1ms]
2023-02-04 09:25:06.601 [info] > git status -z -uall [19ms]
2023-02-04 09:30:06.611 [info] > git config --local branch.main.github-pr-owner-number [1ms]
2023-02-04 09:30:06.624 [info] > git config --get commit.template [7ms]
2023-02-04 09:30:06.625 [info] > git for-each-ref --format=%(refname)%00%(upstream:short)%00%(objectname)%00%(upstream:track)%00%(upstream:remotename)%00%(upstream:remoteref) refs/heads/main refs/remotes/main [1ms]
2023-02-04 09:30:06.639 [info] > git for-each-ref --sort -committerdate --format %(refname) %(objectname) %(*objectname) [2ms]
2023-02-04 09:30:06.646 [info] > git status -z -uall [14ms]
2023-02-04 09:35:06.656 [info] > git config --local branch.main.github-pr-owner-number [1ms]
2023-02-04 09:35:06.672 [info] > git config --get commit.template [8ms]
2023-02-04 09:35:06.674 [info] > git for-each-ref --format=%(refname)%00%(upstream:short)%00%(objectname)%00%(upstream:track)%00%(upstream:remotename)%00%(upstream:remoteref) refs/heads/main refs/remotes/main [2ms]
2023-02-04 09:35:06.691 [info] > git for-each-ref --sort -committerdate --format %(refname) %(objectname) %(*objectname) [1ms]
2023-02-04 09:35:06.702 [info] > git status -z -uall [20ms]
2023-02-04 09:36:16.184 [info] > git fetch [321ms]
2023-02-04 09:36:16.199 [info] > git config --get commit.template [7ms]
2023-02-04 09:36:16.200 [info] > git for-each-ref --format=%(refname)%00%(upstream:short)%00%(objectname)%00%(upstream:track)%00%(upstream:remotename)%00%(upstream:remoteref) refs/heads/main refs/remotes/main [2ms]
2023-02-04 09:36:16.213 [info] > git for-each-ref --sort -committerdate --format %(refname) %(objectname) %(*objectname) [1ms]
2023-02-04 09:36:16.225 [info] > git status -z -uall [20ms]
2023-02-04 09:36:17.322 [info] > git config --get commit.template [7ms]
2023-02-04 09:36:17.323 [info] > git for-each-ref --format=%(refname)%00%(upstream:short)%00%(objectname)%00%(upstream:track)%00%(upstream:remotename)%00%(upstream:remoteref) refs/heads/main refs/remotes/main [1ms]
2023-02-04 09:36:17.339 [info] > git for-each-ref --sort -committerdate --format %(refname) %(objectname) %(*objectname) [1ms]
2023-02-04 09:36:17.347 [info] > git status -z -uall [18ms]
2023-02-04 09:36:17.417 [info] > git ls-files --stage -- /home/vani/Documents/Projects/vanillyn site/vanillyn2/about/gaming.html [1ms]
2023-02-04 09:36:17.427 [info] > git show --textconv :about/gaming.html [1ms]
2023-02-04 09:40:06.713 [info] > git config --local branch.main.github-pr-owner-number [1ms]
2023-02-04 09:40:06.729 [info] > git config --get commit.template [9ms]
2023-02-04 09:40:06.731 [info] > git for-each-ref --format=%(refname)%00%(upstream:short)%00%(objectname)%00%(upstream:track)%00%(upstream:remotename)%00%(upstream:remoteref) refs/heads/main refs/remotes/main [2ms]
2023-02-04 09:40:06.748 [info] > git for-each-ref --sort -committerdate --format %(refname) %(objectname) %(*objectname) [2ms]
2023-02-04 09:40:06.755 [info] > git status -z -uall [17ms]
