2023-01-28 12:52:53.500 [info] Log level: Info
2023-01-28 12:52:53.500 [info] Validating found git in: "git"
2023-01-28 12:52:53.500 [info] Using git "2.39.1" from "git"
2023-01-28 12:53:12.060 [info] Log level: Info
2023-01-28 12:53:12.060 [info] Validating found git in: "git"
2023-01-28 12:53:12.060 [info] Using git "2.39.1" from "git"
2023-01-28 12:53:12.060 [info] > git rev-parse --show-toplevel [4ms]
2023-01-28 12:53:12.060 [info] > git rev-parse --git-dir --git-common-dir [91ms]
2023-01-28 12:53:12.071 [info] Open repository: /home/vani/Documents/Projects/vanillyn site/autolibrary
2023-01-28 12:53:12.097 [info] > git rev-parse --show-toplevel [19ms]
2023-01-28 12:53:12.100 [info] > git config --get commit.template [5ms]
2023-01-28 12:53:12.162 [info] > git for-each-ref --format=%(refname)%00%(upstream:short)%00%(objectname)%00%(upstream:track)%00%(upstream:remotename)%00%(upstream:remoteref) refs/heads/main refs/remotes/main [44ms]
2023-01-28 12:53:12.178 [info] > git for-each-ref --sort -committerdate --format %(refname) %(objectname) %(*objectname) [2ms]
2023-01-28 12:53:12.182 [info] > git status -z -uall [12ms]
2023-01-28 12:53:12.225 [info] > git config --get commit.template [33ms]
2023-01-28 12:53:12.240 [info] > git for-each-ref --format=%(refname)%00%(upstream:short)%00%(objectname)%00%(upstream:track)%00%(upstream:remotename)%00%(upstream:remoteref) refs/heads/main refs/remotes/main [6ms]
2023-01-28 12:53:12.254 [info] > git status -z -uall [10ms]
2023-01-28 12:53:12.255 [info] > git for-each-ref --sort -committerdate --format %(refname) %(objectname) %(*objectname) [1ms]
2023-01-28 12:53:12.292 [info] > git config --local branch.main.github-pr-owner-number [1ms]
2023-01-28 12:53:12.333 [info] > git fetch [262ms]
2023-01-28 12:53:12.346 [info] > git config --get commit.template [7ms]
2023-01-28 12:53:12.347 [info] > git for-each-ref --format=%(refname)%00%(upstream:short)%00%(objectname)%00%(upstream:track)%00%(upstream:remotename)%00%(upstream:remoteref) refs/heads/main refs/remotes/main [2ms]
2023-01-28 12:53:12.362 [info] > git status -z -uall [8ms]
2023-01-28 12:53:12.363 [info] > git for-each-ref --sort -committerdate --format %(refname) %(objectname) %(*objectname) [3ms]
2023-01-28 12:53:12.605 [info] > git check-ignore -v -z --stdin [1ms]
2023-01-28 12:53:13.394 [info] > git config --get commit.template [6ms]
2023-01-28 12:53:13.394 [info] > git for-each-ref --format=%(refname)%00%(upstream:short)%00%(objectname)%00%(upstream:track)%00%(upstream:remotename)%00%(upstream:remoteref) refs/heads/main refs/remotes/main [1ms]
2023-01-28 12:53:13.408 [info] > git for-each-ref --sort -committerdate --format %(refname) %(objectname) %(*objectname) [2ms]
2023-01-28 12:53:13.408 [info] > git status -z -uall [7ms]
2023-01-28 12:53:14.960 [info] > git show --textconv :index.html [9ms]
2023-01-28 12:53:14.961 [info] > git ls-files --stage -- /home/vani/Documents/Projects/vanillyn site/autolibrary/index.html [2ms]
2023-01-28 12:53:14.972 [info] > git cat-file -s 31f48789d7c734ef8757518933690b3e6447de99 [1ms]
2023-01-28 12:53:19.064 [info] > git show --textconv :Setup.md [10ms]
2023-01-28 12:53:19.064 [info] > git ls-files --stage -- /home/vani/Documents/Projects/vanillyn site/autolibrary/Setup.md [1ms]
2023-01-28 12:53:29.155 [info] > git config --get commit.template [1ms]
2023-01-28 12:53:29.169 [info] > git for-each-ref --format=%(refname)%00%(upstream:short)%00%(objectname)%00%(upstream:track)%00%(upstream:remotename)%00%(upstream:remoteref) refs/heads/main refs/remotes/main [2ms]
2023-01-28 12:53:29.194 [info] > git for-each-ref --sort -committerdate --format %(refname) %(objectname) %(*objectname) [2ms]
2023-01-28 12:53:29.201 [info] > git status -z -uall [19ms]
2023-01-28 12:53:29.526 [info] > git show --textconv :README.md [9ms]
2023-01-28 12:53:29.527 [info] > git ls-files --stage -- /home/vani/Documents/Projects/vanillyn site/autolibrary/README.md [4ms]
2023-01-28 12:53:31.323 [info] > git show --textconv :README.MD [6ms]
2023-01-28 12:53:31.324 [info] > git ls-files --stage -- /home/vani/Documents/Projects/vanillyn site/autolibrary/README.MD [1ms]
2023-01-28 12:53:31.331 [info] > git cat-file -s e69de29bb2d1d6434b8b29ae775ad8c2e48c5391 [1ms]
2023-01-28 12:53:32.511 [info] > git show --textconv :README.md [6ms]
2023-01-28 12:53:32.512 [info] > git ls-files --stage -- /home/vani/Documents/Projects/vanillyn site/autolibrary/README.md [2ms]
2023-01-28 12:53:37.691 [info] > git config --get commit.template [6ms]
2023-01-28 12:53:37.692 [info] > git for-each-ref --format=%(refname)%00%(upstream:short)%00%(objectname)%00%(upstream:track)%00%(upstream:remotename)%00%(upstream:remoteref) refs/heads/main refs/remotes/main [1ms]
2023-01-28 12:53:37.705 [info] > git for-each-ref --sort -committerdate --format %(refname) %(objectname) %(*objectname) [1ms]
2023-01-28 12:53:37.706 [info] > git status -z -uall [7ms]
2023-01-28 12:53:38.319 [info] > git show --textconv :library.txt [8ms]
2023-01-28 12:53:38.319 [info] > git ls-files --stage -- /home/vani/Documents/Projects/vanillyn site/autolibrary/library.txt [1ms]
2023-01-28 12:53:38.340 [info] > git show --textconv :library.txt [8ms]
2023-01-28 12:53:38.340 [info] > git ls-files --stage -- /home/vani/Documents/Projects/vanillyn site/autolibrary/library.txt [1ms]
2023-01-28 12:53:43.041 [info] > git ls-files --stage -- /home/vani/Documents/Projects/vanillyn site/autolibrary/library.json [2ms]
2023-01-28 12:53:43.055 [info] > git cat-file -s 69f47a8122238f4cfd3c7db2161e627f54580a75 [2ms]
2023-01-28 12:53:43.056 [info] > git show --textconv :library.json [28ms]
2023-01-28 12:53:44.540 [info] > git ls-files --stage -- /home/vani/Documents/Projects/vanillyn site/autolibrary/library.csv [1ms]
2023-01-28 12:53:44.554 [info] > git show --textconv :library.csv [25ms]
2023-01-28 12:53:44.554 [info] > git cat-file -s 2445454c13f031bfce3313edc0a9b388eab48097 [4ms]
2023-01-28 12:53:49.823 [info] > git add -A -- . [16ms]
2023-01-28 12:53:50.226 [info] > git show --textconv :.git/COMMIT_EDITMSG [6ms]
2023-01-28 12:53:50.227 [info] > git ls-files --stage -- /home/vani/Documents/Projects/vanillyn site/autolibrary/.git/COMMIT_EDITMSG [1ms]
2023-01-28 12:53:50.546 [info] > git check-ignore -v -z --stdin [1ms]
2023-01-28 12:53:51.009 [info] > git ls-files --stage -- /home/vani/Documents/Projects/vanillyn site/autolibrary/library.csv [6ms]
2023-01-28 12:53:51.018 [info] > git ls-files --stage -- /home/vani/Documents/Projects/vanillyn site/autolibrary/.git/COMMIT_EDITMSG [9ms]
2023-01-28 12:53:51.018 [info] > git cat-file -s 2445454c13f031bfce3313edc0a9b388eab48097 [1ms]
2023-01-28 12:53:51.035 [info] > git show --textconv :.git/COMMIT_EDITMSG [9ms]
2023-01-28 12:53:51.039 [info] > git show --textconv :library.csv [4ms]
2023-01-28 12:53:54.660 [info] > git -c user.useConfigOnly=true commit --quiet [4827ms]
2023-01-28 12:53:54.672 [info] > git config --get commit.template [1ms]
2023-01-28 12:53:54.683 [info] > git for-each-ref --format=%(refname)%00%(upstream:short)%00%(objectname)%00%(upstream:track)%00%(upstream:remotename)%00%(upstream:remoteref) refs/heads/main refs/remotes/main [2ms]
2023-01-28 12:53:54.704 [info] > git status -z -uall [12ms]
2023-01-28 12:53:54.705 [info] > git for-each-ref --sort -committerdate --format %(refname) %(objectname) %(*objectname) [2ms]
2023-01-28 12:53:54.723 [info] > git log --oneline --cherry main...main@{upstream} -- [2ms]
2023-01-28 12:53:54.826 [info] > git config --local branch.main.github-pr-owner-number [2ms]
2023-01-28 12:53:55.028 [info] > git pull --tags origin main [295ms]
2023-01-28 12:53:55.028 [info] From https://github.com/vanillyn/autolibrary
 * branch            main       -> FETCH_HEAD
2023-01-28 12:53:56.193 [info] > git ls-files --stage -- /home/vani/Documents/Projects/vanillyn site/autolibrary/library.csv [1ms]
2023-01-28 12:53:56.202 [info] > git cat-file -s 2445454c13f031bfce3313edc0a9b388eab48097 [1ms]
2023-01-28 12:53:56.213 [info] > git show --textconv :library.csv [4ms]
2023-01-28 12:53:56.436 [info] > git push origin main:main [1400ms]
2023-01-28 12:53:56.436 [info] To https://github.com/vanillyn/autolibrary
   1641780..01242ec  main -> main
2023-01-28 12:53:56.450 [info] > git config --get commit.template [8ms]
2023-01-28 12:53:56.452 [info] > git for-each-ref --format=%(refname)%00%(upstream:short)%00%(objectname)%00%(upstream:track)%00%(upstream:remotename)%00%(upstream:remoteref) refs/heads/main refs/remotes/main [2ms]
2023-01-28 12:53:56.468 [info] > git status -z -uall [10ms]
2023-01-28 12:53:56.469 [info] > git for-each-ref --sort -committerdate --format %(refname) %(objectname) %(*objectname) [5ms]
2023-01-28 12:53:56.505 [info] > git config --local branch.main.github-pr-owner-number [10ms]
2023-01-28 12:53:56.506 [info] > git config --get commit.template [2ms]
2023-01-28 12:53:56.518 [info] > git for-each-ref --format=%(refname)%00%(upstream:short)%00%(objectname)%00%(upstream:track)%00%(upstream:remotename)%00%(upstream:remoteref) refs/heads/main refs/remotes/main [5ms]
2023-01-28 12:53:56.532 [info] > git status -z -uall [7ms]
2023-01-28 12:53:56.533 [info] > git for-each-ref --sort -committerdate --format %(refname) %(objectname) %(*objectname) [2ms]
2023-01-28 12:53:57.603 [info] > git config --get commit.template [8ms]
2023-01-28 12:53:57.603 [info] > git for-each-ref --format=%(refname)%00%(upstream:short)%00%(objectname)%00%(upstream:track)%00%(upstream:remotename)%00%(upstream:remoteref) refs/heads/main refs/remotes/main [1ms]
2023-01-28 12:53:57.616 [info] > git status -z -uall [7ms]
2023-01-28 12:53:57.617 [info] > git for-each-ref --sort -committerdate --format %(refname) %(objectname) %(*objectname) [1ms]
2023-01-28 12:53:57.700 [info] > git ls-files --stage -- /home/vani/Documents/Projects/vanillyn site/autolibrary/library.csv [1ms]
2023-01-28 12:53:57.708 [info] > git cat-file -s 2445454c13f031bfce3313edc0a9b388eab48097 [1ms]
2023-01-28 12:53:57.724 [info] > git show --textconv :library.csv [5ms]
2023-01-28 12:54:16.350 [info] > git show --textconv :libParse.js [17ms]
2023-01-28 12:54:16.350 [info] > git ls-files --stage -- /home/vani/Documents/Projects/vanillyn site/autolibrary/libParse.js [10ms]
2023-01-28 12:54:16.361 [info] > git cat-file -s 4dcf8ee817760ea0bff6291de8dcec1af2bc0974 [2ms]
2023-01-28 12:54:17.223 [info] > git show --textconv :index.html [19ms]
2023-01-28 12:54:17.224 [info] > git ls-files --stage -- /home/vani/Documents/Projects/vanillyn site/autolibrary/index.html [5ms]
2023-01-28 12:54:17.237 [info] > git cat-file -s 31f48789d7c734ef8757518933690b3e6447de99 [2ms]
2023-01-28 12:55:00.290 [info] > git config --get commit.template [8ms]
2023-01-28 12:55:00.291 [info] > git for-each-ref --format=%(refname)%00%(upstream:short)%00%(objectname)%00%(upstream:track)%00%(upstream:remotename)%00%(upstream:remoteref) refs/heads/main refs/remotes/main [2ms]
2023-01-28 12:55:00.302 [info] > git status -z -uall [6ms]
2023-01-28 12:55:00.303 [info] > git for-each-ref --sort -committerdate --format %(refname) %(objectname) %(*objectname) [1ms]
2023-01-28 12:55:06.444 [info] > git show --textconv :libParse.js [6ms]
2023-01-28 12:55:06.445 [info] > git ls-files --stage -- /home/vani/Documents/Projects/vanillyn site/autolibrary/libParse.js [1ms]
2023-01-28 12:55:06.453 [info] > git cat-file -s 4dcf8ee817760ea0bff6291de8dcec1af2bc0974 [1ms]
2023-01-28 12:55:15.761 [info] > git show --textconv :jquery-csv.js [9ms]
2023-01-28 12:55:15.762 [info] > git ls-files --stage -- /home/vani/Documents/Projects/vanillyn site/autolibrary/jquery-csv.js [3ms]
2023-01-28 12:55:15.771 [info] > git cat-file -s 14fd3edbf0059802787979163a67de8092063c90 [1ms]
2023-01-28 12:55:19.169 [info] > git ls-files --stage -- /home/vani/Documents/Projects/vanillyn site/autolibrary/library.json [2ms]
2023-01-28 12:55:19.181 [info] > git cat-file -s 69f47a8122238f4cfd3c7db2161e627f54580a75 [1ms]
2023-01-28 12:55:19.181 [info] > git show --textconv :library.json [21ms]
2023-01-28 12:55:23.149 [info] > git ls-files --stage -- /home/vani/Documents/Projects/vanillyn site/autolibrary/library.csv [1ms]
2023-01-28 12:55:23.156 [info] > git show --textconv :library.csv [15ms]
2023-01-28 12:55:23.156 [info] > git cat-file -s 2445454c13f031bfce3313edc0a9b388eab48097 [1ms]
2023-01-28 12:55:25.687 [info] > git ls-files --stage -- /home/vani/Documents/Projects/vanillyn site/autolibrary/library.txt [2ms]
2023-01-28 12:55:25.695 [info] > git show --textconv :library.txt [17ms]
2023-01-28 12:55:25.696 [info] > git cat-file -s 2445454c13f031bfce3313edc0a9b388eab48097 [2ms]
2023-01-28 12:55:27.068 [info] > git ls-files --stage -- /home/vani/Documents/Projects/vanillyn site/autolibrary/library.csv [1ms]
2023-01-28 12:55:27.075 [info] > git cat-file -s 2445454c13f031bfce3313edc0a9b388eab48097 [2ms]
2023-01-28 12:55:27.075 [info] > git show --textconv :library.csv [15ms]
2023-01-28 12:55:28.354 [info] > git ls-files --stage -- /home/vani/Documents/Projects/vanillyn site/autolibrary/library.txt [1ms]
2023-01-28 12:55:28.362 [info] > git show --textconv :library.txt [16ms]
2023-01-28 12:55:28.363 [info] > git cat-file -s 2445454c13f031bfce3313edc0a9b388eab48097 [3ms]
2023-01-28 12:55:29.149 [info] > git ls-files --stage -- /home/vani/Documents/Projects/vanillyn site/autolibrary/library.csv [2ms]
2023-01-28 12:55:29.157 [info] > git cat-file -s 2445454c13f031bfce3313edc0a9b388eab48097 [1ms]
2023-01-28 12:55:29.157 [info] > git show --textconv :library.csv [16ms]
2023-01-28 12:55:29.639 [info] > git show --textconv :libParse.js [7ms]
2023-01-28 12:55:29.640 [info] > git ls-files --stage -- /home/vani/Documents/Projects/vanillyn site/autolibrary/libParse.js [1ms]
2023-01-28 12:55:29.647 [info] > git cat-file -s 4dcf8ee817760ea0bff6291de8dcec1af2bc0974 [1ms]
2023-01-28 12:55:30.531 [info] > git show --textconv :jquery-csv.js [9ms]
2023-01-28 12:55:30.531 [info] > git ls-files --stage -- /home/vani/Documents/Projects/vanillyn site/autolibrary/jquery-csv.js [1ms]
2023-01-28 12:55:30.539 [info] > git cat-file -s 14fd3edbf0059802787979163a67de8092063c90 [1ms]
2023-01-28 12:55:38.660 [info] > git config --get commit.template [6ms]
2023-01-28 12:55:38.661 [info] > git for-each-ref --format=%(refname)%00%(upstream:short)%00%(objectname)%00%(upstream:track)%00%(upstream:remotename)%00%(upstream:remoteref) refs/heads/main refs/remotes/main [1ms]
2023-01-28 12:55:38.674 [info] > git status -z -uall [6ms]
2023-01-28 12:55:38.675 [info] > git for-each-ref --sort -committerdate --format %(refname) %(objectname) %(*objectname) [1ms]
2023-01-28 12:55:43.692 [info] > git config --get commit.template [8ms]
2023-01-28 12:55:43.693 [info] > git for-each-ref --format=%(refname)%00%(upstream:short)%00%(objectname)%00%(upstream:track)%00%(upstream:remotename)%00%(upstream:remoteref) refs/heads/main refs/remotes/main [1ms]
2023-01-28 12:55:43.707 [info] > git status -z -uall [7ms]
2023-01-28 12:55:43.707 [info] > git for-each-ref --sort -committerdate --format %(refname) %(objectname) %(*objectname) [1ms]
2023-01-28 12:55:44.044 [info] > git ls-files --stage -- /home/vani/Documents/Projects/vanillyn site/autolibrary/library.csv [1ms]
2023-01-28 12:55:44.051 [info] > git show --textconv :library.csv [14ms]
2023-01-28 12:55:44.051 [info] > git cat-file -s 2445454c13f031bfce3313edc0a9b388eab48097 [1ms]
2023-01-28 12:55:46.823 [info] > git show --textconv :libParse.js [9ms]
2023-01-28 12:55:46.824 [info] > git ls-files --stage -- /home/vani/Documents/Projects/vanillyn site/autolibrary/libParse.js [3ms]
2023-01-28 12:55:46.832 [info] > git cat-file -s 4dcf8ee817760ea0bff6291de8dcec1af2bc0974 [1ms]
2023-01-28 12:55:50.776 [info] > git ls-files --stage -- /home/vani/Documents/Projects/vanillyn site/autolibrary/library.csv [2ms]
2023-01-28 12:55:50.785 [info] > git cat-file -s 2445454c13f031bfce3313edc0a9b388eab48097 [1ms]
2023-01-28 12:55:50.786 [info] > git show --textconv :library.csv [21ms]
2023-01-28 12:56:09.587 [info] > git show --textconv :libParse.js [9ms]
2023-01-28 12:56:09.587 [info] > git ls-files --stage -- /home/vani/Documents/Projects/vanillyn site/autolibrary/libParse.js [1ms]
2023-01-28 12:56:09.594 [info] > git cat-file -s 4dcf8ee817760ea0bff6291de8dcec1af2bc0974 [1ms]
2023-01-28 12:56:12.611 [info] > git fetch [239ms]
2023-01-28 12:56:12.624 [info] > git config --get commit.template [6ms]
2023-01-28 12:56:12.624 [info] > git for-each-ref --format=%(refname)%00%(upstream:short)%00%(objectname)%00%(upstream:track)%00%(upstream:remotename)%00%(upstream:remoteref) refs/heads/main refs/remotes/main [0ms]
2023-01-28 12:56:12.636 [info] > git status -z -uall [5ms]
2023-01-28 12:56:12.637 [info] > git for-each-ref --sort -committerdate --format %(refname) %(objectname) %(*objectname) [1ms]
2023-01-28 12:56:13.176 [info] > git add -A -- . [1ms]
2023-01-28 12:56:13.189 [info] > git -c user.useConfigOnly=true commit --quiet --allow-empty-message --file - [3ms]
2023-01-28 12:56:13.199 [info] > git config --get commit.template [2ms]
2023-01-28 12:56:13.220 [info] > git config --get commit.template [9ms]
2023-01-28 12:56:13.221 [info] > git for-each-ref --format=%(refname)%00%(upstream:short)%00%(objectname)%00%(upstream:track)%00%(upstream:remotename)%00%(upstream:remoteref) refs/heads/main refs/remotes/main [1ms]
2023-01-28 12:56:13.233 [info] > git status -z -uall [7ms]
2023-01-28 12:56:13.234 [info] > git for-each-ref --sort -committerdate --format %(refname) %(objectname) %(*objectname) [1ms]
2023-01-28 12:56:13.301 [info] > git config --local branch.main.github-pr-owner-number [10ms]
2023-01-28 12:56:13.302 [info] > git config --get commit.template [2ms]
2023-01-28 12:56:13.311 [info] > git for-each-ref --format=%(refname)%00%(upstream:short)%00%(objectname)%00%(upstream:track)%00%(upstream:remotename)%00%(upstream:remoteref) refs/heads/main refs/remotes/main [2ms]
2023-01-28 12:56:13.326 [info] > git status -z -uall [8ms]
2023-01-28 12:56:13.327 [info] > git for-each-ref --sort -committerdate --format %(refname) %(objectname) %(*objectname) [2ms]
2023-01-28 12:56:13.674 [info] > git config --get commit.template [7ms]
2023-01-28 12:56:13.676 [info] > git for-each-ref --format=%(refname)%00%(upstream:short)%00%(objectname)%00%(upstream:track)%00%(upstream:remotename)%00%(upstream:remoteref) refs/heads/main refs/remotes/main [2ms]
2023-01-28 12:56:13.689 [info] > git status -z -uall [8ms]
2023-01-28 12:56:13.690 [info] > git for-each-ref --sort -committerdate --format %(refname) %(objectname) %(*objectname) [1ms]
2023-01-28 12:56:14.397 [info] > git ls-files --stage -- /home/vani/Documents/Projects/vanillyn site/autolibrary/index.html [5ms]
2023-01-28 12:56:14.402 [info] > git ls-files --stage -- /home/vani/Documents/Projects/vanillyn site/autolibrary/libParse.js [5ms]
2023-01-28 12:56:14.408 [info] > git cat-file -s b2d99d7915440731c00ecb2da96b2431e66cb006 [6ms]
2023-01-28 12:56:14.409 [info] > git cat-file -s 4dcf8ee817760ea0bff6291de8dcec1af2bc0974 [1ms]
2023-01-28 12:56:14.422 [info] > git show --textconv :index.html [5ms]
2023-01-28 12:56:14.423 [info] > git show --textconv :libParse.js [1ms]
2023-01-28 12:56:15.416 [info] > git log --oneline --cherry main...main@{upstream} -- [1ms]
2023-01-28 12:56:15.657 [info] > git pull --tags origin main [232ms]
2023-01-28 12:56:15.657 [info] From https://github.com/vanillyn/autolibrary
 * branch            main       -> FETCH_HEAD
2023-01-28 12:56:16.910 [info] > git push origin main:main [1247ms]
2023-01-28 12:56:16.910 [info] To https://github.com/vanillyn/autolibrary
   01242ec..fff7e50  main -> main
2023-01-28 12:56:16.924 [info] > git config --get commit.template [7ms]
2023-01-28 12:56:16.925 [info] > git for-each-ref --format=%(refname)%00%(upstream:short)%00%(objectname)%00%(upstream:track)%00%(upstream:remotename)%00%(upstream:remoteref) refs/heads/main refs/remotes/main [1ms]
2023-01-28 12:56:16.937 [info] > git status -z -uall [6ms]
2023-01-28 12:56:16.938 [info] > git for-each-ref --sort -committerdate --format %(refname) %(objectname) %(*objectname) [1ms]
2023-01-28 12:56:16.963 [info] > git config --local branch.main.github-pr-owner-number [1ms]
2023-01-28 13:03:49.089 [info] > git ls-files --stage -- /home/vani/Documents/Projects/vanillyn site/autolibrary/index.html [8ms]
2023-01-28 13:03:49.097 [info] > git config --get commit.template [24ms]
2023-01-28 13:03:49.103 [info] > git ls-files --stage -- /home/vani/Documents/Projects/vanillyn site/autolibrary/libParse.js [14ms]
2023-01-28 13:03:49.109 [info] > git for-each-ref --format=%(refname)%00%(upstream:short)%00%(objectname)%00%(upstream:track)%00%(upstream:remotename)%00%(upstream:remoteref) refs/heads/main refs/remotes/main [7ms]
2023-01-28 13:03:49.122 [info] > git cat-file -s b2d99d7915440731c00ecb2da96b2431e66cb006 [26ms]
2023-01-28 13:03:49.122 [info] > git status -z -uall [7ms]
2023-01-28 13:03:49.123 [info] > git cat-file -s 4dcf8ee817760ea0bff6291de8dcec1af2bc0974 [15ms]
2023-01-28 13:03:49.123 [info] > git for-each-ref --sort -committerdate --format %(refname) %(objectname) %(*objectname) [2ms]
2023-01-28 13:03:49.140 [info] > git show --textconv :index.html [7ms]
2023-01-28 13:03:49.141 [info] > git show --textconv :libParse.js [1ms]
2023-01-28 13:03:49.322 [info] > git fetch [258ms]
2023-01-28 13:03:49.336 [info] > git config --get commit.template [7ms]
2023-01-28 13:03:49.336 [info] > git for-each-ref --format=%(refname)%00%(upstream:short)%00%(objectname)%00%(upstream:track)%00%(upstream:remotename)%00%(upstream:remoteref) refs/heads/main refs/remotes/main [1ms]
2023-01-28 13:03:49.348 [info] > git status -z -uall [7ms]
2023-01-28 13:03:49.349 [info] > git for-each-ref --sort -committerdate --format %(refname) %(objectname) %(*objectname) [1ms]
2023-01-28 13:03:50.484 [info] > git ls-files --stage -- /home/vani/Documents/Projects/vanillyn site/autolibrary/index.html [5ms]
2023-01-28 13:03:50.490 [info] > git ls-files --stage -- /home/vani/Documents/Projects/vanillyn site/autolibrary/libParse.js [6ms]
2023-01-28 13:03:50.495 [info] > git cat-file -s b2d99d7915440731c00ecb2da96b2431e66cb006 [5ms]
2023-01-28 13:03:50.495 [info] > git cat-file -s 4dcf8ee817760ea0bff6291de8dcec1af2bc0974 [0ms]
2023-01-28 13:03:50.509 [info] > git show --textconv :index.html [6ms]
2023-01-28 13:03:50.509 [info] > git show --textconv :libParse.js [1ms]
2023-01-28 13:04:04.795 [info] > git config --get commit.template [10ms]
2023-01-28 13:04:04.795 [info] > git for-each-ref --format=%(refname)%00%(upstream:short)%00%(objectname)%00%(upstream:track)%00%(upstream:remotename)%00%(upstream:remoteref) refs/heads/main refs/remotes/main [2ms]
2023-01-28 13:04:04.811 [info] > git status -z -uall [7ms]
2023-01-28 13:04:04.812 [info] > git for-each-ref --sort -committerdate --format %(refname) %(objectname) %(*objectname) [1ms]
2023-01-28 13:06:07.951 [info] > git config --get commit.template [8ms]
2023-01-28 13:06:07.952 [info] > git check-ignore -v -z --stdin [2ms]
2023-01-28 13:06:07.960 [info] > git for-each-ref --format=%(refname)%00%(upstream:short)%00%(objectname)%00%(upstream:track)%00%(upstream:remotename)%00%(upstream:remoteref) refs/heads/main refs/remotes/main [1ms]
2023-01-28 13:06:07.971 [info] > git status -z -uall [5ms]
2023-01-28 13:06:07.980 [info] > git for-each-ref --sort -committerdate --format %(refname) %(objectname) %(*objectname) [10ms]
2023-01-28 13:07:14.881 [info] > git fetch [310ms]
2023-01-28 13:07:14.893 [info] > git config --get commit.template [6ms]
2023-01-28 13:07:14.894 [info] > git for-each-ref --format=%(refname)%00%(upstream:short)%00%(objectname)%00%(upstream:track)%00%(upstream:remotename)%00%(upstream:remoteref) refs/heads/main refs/remotes/main [1ms]
2023-01-28 13:07:14.905 [info] > git status -z -uall [6ms]
2023-01-28 13:07:14.912 [info] > git for-each-ref --sort -committerdate --format %(refname) %(objectname) %(*objectname) [8ms]
2023-01-28 13:07:15.947 [info] > git config --get commit.template [1ms]
2023-01-28 13:07:15.954 [info] > git for-each-ref --format=%(refname)%00%(upstream:short)%00%(objectname)%00%(upstream:track)%00%(upstream:remotename)%00%(upstream:remoteref) refs/heads/main refs/remotes/main [1ms]
2023-01-28 13:07:15.968 [info] > git status -z -uall [7ms]
2023-01-28 13:07:15.973 [info] > git for-each-ref --sort -committerdate --format %(refname) %(objectname) %(*objectname) [5ms]
2023-01-28 13:07:16.054 [info] > git ls-files --stage -- /home/vani/Documents/Projects/vanillyn site/autolibrary/index.html [6ms]
2023-01-28 13:07:16.061 [info] > git ls-files --stage -- /home/vani/Documents/Projects/vanillyn site/autolibrary/libParse.js [7ms]
2023-01-28 13:07:16.067 [info] > git cat-file -s b2d99d7915440731c00ecb2da96b2431e66cb006 [6ms]
2023-01-28 13:07:16.067 [info] > git cat-file -s 4dcf8ee817760ea0bff6291de8dcec1af2bc0974 [1ms]
2023-01-28 13:07:16.234 [info] > git show --textconv :index.html [159ms]
2023-01-28 13:07:16.234 [info] > git show --textconv :libParse.js [2ms]
2023-01-28 13:07:28.066 [info] > git ls-files --stage -- /home/vani/Documents/Projects/vanillyn site/autolibrary/library.json [3ms]
2023-01-28 13:07:28.074 [info] > git show --textconv :library.json [23ms]
2023-01-28 13:07:28.076 [info] > git cat-file -s 69f47a8122238f4cfd3c7db2161e627f54580a75 [2ms]
2023-01-28 13:07:34.152 [info] > git show --textconv :.gitignore [7ms]
2023-01-28 13:07:34.153 [info] > git ls-files --stage -- /home/vani/Documents/Projects/vanillyn site/autolibrary/.gitignore [1ms]
2023-01-28 13:07:34.455 [info] > git check-ignore -v -z --stdin [1ms]
2023-01-28 13:07:34.967 [info] > git config --get commit.template [6ms]
2023-01-28 13:07:34.968 [info] > git for-each-ref --format=%(refname)%00%(upstream:short)%00%(objectname)%00%(upstream:track)%00%(upstream:remotename)%00%(upstream:remoteref) refs/heads/main refs/remotes/main [1ms]
2023-01-28 13:07:34.979 [info] > git status -z -uall [6ms]
2023-01-28 13:07:34.985 [info] > git for-each-ref --sort -committerdate --format %(refname) %(objectname) %(*objectname) [7ms]
2023-01-28 13:07:53.136 [info] > git check-ignore -v -z --stdin [0ms]
2023-01-28 13:07:53.584 [info] > git config --get commit.template [9ms]
2023-01-28 13:07:53.585 [info] > git for-each-ref --format=%(refname)%00%(upstream:short)%00%(objectname)%00%(upstream:track)%00%(upstream:remotename)%00%(upstream:remoteref) refs/heads/main refs/remotes/main [2ms]
2023-01-28 13:07:53.600 [info] > git status -z -uall [8ms]
2023-01-28 13:07:53.605 [info] > git for-each-ref --sort -committerdate --format %(refname) %(objectname) %(*objectname) [6ms]
2023-01-28 13:08:00.827 [info] > git check-ignore -v -z --stdin [1ms]
2023-01-28 13:08:01.267 [info] > git config --get commit.template [6ms]
2023-01-28 13:08:01.268 [info] > git for-each-ref --format=%(refname)%00%(upstream:short)%00%(objectname)%00%(upstream:track)%00%(upstream:remotename)%00%(upstream:remoteref) refs/heads/main refs/remotes/main [1ms]
2023-01-28 13:08:01.281 [info] > git status -z -uall [7ms]
2023-01-28 13:08:01.282 [info] > git for-each-ref --sort -committerdate --format %(refname) %(objectname) %(*objectname) [1ms]
2023-01-28 13:08:07.537 [info] > git check-ignore -v -z --stdin [1ms]
2023-01-28 13:08:21.516 [info] > git check-ignore -v -z --stdin [1ms]
2023-01-28 13:08:21.958 [info] > git config --get commit.template [7ms]
2023-01-28 13:08:21.959 [info] > git for-each-ref --format=%(refname)%00%(upstream:short)%00%(objectname)%00%(upstream:track)%00%(upstream:remotename)%00%(upstream:remoteref) refs/heads/main refs/remotes/main [1ms]
2023-01-28 13:08:21.973 [info] > git status -z -uall [7ms]
2023-01-28 13:08:21.973 [info] > git for-each-ref --sort -committerdate --format %(refname) %(objectname) %(*objectname) [1ms]
2023-01-28 13:08:24.388 [info] > git show --textconv :package.json [11ms]
2023-01-28 13:08:24.389 [info] > git ls-files --stage -- /home/vani/Documents/Projects/vanillyn site/autolibrary/package.json [2ms]
2023-01-28 13:09:55.184 [info] > git config --get commit.template [9ms]
2023-01-28 13:09:55.184 [info] > git for-each-ref --format=%(refname)%00%(upstream:short)%00%(objectname)%00%(upstream:track)%00%(upstream:remotename)%00%(upstream:remoteref) refs/heads/main refs/remotes/main [1ms]
2023-01-28 13:09:55.198 [info] > git status -z -uall [7ms]
2023-01-28 13:09:55.199 [info] > git for-each-ref --sort -committerdate --format %(refname) %(objectname) %(*objectname) [1ms]
2023-01-28 13:10:15.181 [info] > git fetch [235ms]
2023-01-28 13:10:15.196 [info] > git config --get commit.template [7ms]
2023-01-28 13:10:15.197 [info] > git for-each-ref --format=%(refname)%00%(upstream:short)%00%(objectname)%00%(upstream:track)%00%(upstream:remotename)%00%(upstream:remoteref) refs/heads/main refs/remotes/main [1ms]
2023-01-28 13:10:15.210 [info] > git status -z -uall [6ms]
2023-01-28 13:10:15.211 [info] > git for-each-ref --sort -committerdate --format %(refname) %(objectname) %(*objectname) [1ms]
2023-01-28 13:10:16.246 [info] > git config --get commit.template [7ms]
2023-01-28 13:10:16.246 [info] > git for-each-ref --format=%(refname)%00%(upstream:short)%00%(objectname)%00%(upstream:track)%00%(upstream:remotename)%00%(upstream:remoteref) refs/heads/main refs/remotes/main [1ms]
2023-01-28 13:10:16.258 [info] > git status -z -uall [6ms]
2023-01-28 13:10:16.259 [info] > git for-each-ref --sort -committerdate --format %(refname) %(objectname) %(*objectname) [1ms]
2023-01-28 13:10:16.352 [info] > git ls-files --stage -- /home/vani/Documents/Projects/vanillyn site/autolibrary/.gitignore [6ms]
2023-01-28 13:10:16.352 [info] > git ls-files --stage -- /home/vani/Documents/Projects/vanillyn site/autolibrary/index.html [13ms]
2023-01-28 13:10:16.360 [info] > git ls-files --stage -- /home/vani/Documents/Projects/vanillyn site/autolibrary/package.json [8ms]
2023-01-28 13:10:16.361 [info] > git cat-file -s b2d99d7915440731c00ecb2da96b2431e66cb006 [1ms]
2023-01-28 13:10:16.382 [info] > git show --textconv :.gitignore [14ms]
2023-01-28 13:10:16.382 [info] > git show --textconv :package.json [7ms]
2023-01-28 13:10:16.383 [info] > git show --textconv :index.html [1ms]
2023-01-28 13:11:22.699 [info] > git config --get commit.template [1ms]
2023-01-28 13:11:22.707 [info] > git for-each-ref --format=%(refname)%00%(upstream:short)%00%(objectname)%00%(upstream:track)%00%(upstream:remotename)%00%(upstream:remoteref) refs/heads/main refs/remotes/main [1ms]
2023-01-28 13:11:22.720 [info] > git status -z -uall [6ms]
2023-01-28 13:11:22.720 [info] > git for-each-ref --sort -committerdate --format %(refname) %(objectname) %(*objectname) [1ms]
2023-01-28 13:11:37.535 [info] > git config --get commit.template [6ms]
2023-01-28 13:11:37.536 [info] > git for-each-ref --format=%(refname)%00%(upstream:short)%00%(objectname)%00%(upstream:track)%00%(upstream:remotename)%00%(upstream:remoteref) refs/heads/main refs/remotes/main [1ms]
2023-01-28 13:11:37.548 [info] > git status -z -uall [6ms]
2023-01-28 13:11:37.548 [info] > git for-each-ref --sort -committerdate --format %(refname) %(objectname) %(*objectname) [1ms]
2023-01-28 13:11:47.182 [info] > git config --get commit.template [7ms]
2023-01-28 13:11:47.183 [info] > git for-each-ref --format=%(refname)%00%(upstream:short)%00%(objectname)%00%(upstream:track)%00%(upstream:remotename)%00%(upstream:remoteref) refs/heads/main refs/remotes/main [2ms]
2023-01-28 13:11:47.193 [info] > git status -z -uall [5ms]
2023-01-28 13:11:47.194 [info] > git for-each-ref --sort -committerdate --format %(refname) %(objectname) %(*objectname) [1ms]
2023-01-28 13:12:19.643 [info] > git config --get commit.template [1ms]
2023-01-28 13:12:19.651 [info] > git for-each-ref --format=%(refname)%00%(upstream:short)%00%(objectname)%00%(upstream:track)%00%(upstream:remotename)%00%(upstream:remoteref) refs/heads/main refs/remotes/main [1ms]
2023-01-28 13:12:19.665 [info] > git status -z -uall [6ms]
2023-01-28 13:12:19.666 [info] > git for-each-ref --sort -committerdate --format %(refname) %(objectname) %(*objectname) [1ms]
2023-01-28 13:13:18.084 [info] > git config --get commit.template [5ms]
2023-01-28 13:13:18.084 [info] > git for-each-ref --format=%(refname)%00%(upstream:short)%00%(objectname)%00%(upstream:track)%00%(upstream:remotename)%00%(upstream:remoteref) refs/heads/main refs/remotes/main [1ms]
2023-01-28 13:13:18.097 [info] > git status -z -uall [6ms]
2023-01-28 13:13:18.097 [info] > git for-each-ref --sort -committerdate --format %(refname) %(objectname) %(*objectname) [1ms]
2023-01-28 13:13:18.311 [info] > git fetch [242ms]
2023-01-28 13:13:18.323 [info] > git config --get commit.template [5ms]
2023-01-28 13:13:18.324 [info] > git for-each-ref --format=%(refname)%00%(upstream:short)%00%(objectname)%00%(upstream:track)%00%(upstream:remotename)%00%(upstream:remoteref) refs/heads/main refs/remotes/main [1ms]
2023-01-28 13:13:18.335 [info] > git status -z -uall [6ms]
2023-01-28 13:13:18.335 [info] > git for-each-ref --sort -committerdate --format %(refname) %(objectname) %(*objectname) [1ms]
2023-01-28 13:13:19.499 [info] > git ls-files --stage -- /home/vani/Documents/Projects/vanillyn site/autolibrary/.gitignore [5ms]
2023-01-28 13:13:19.500 [info] > git ls-files --stage -- /home/vani/Documents/Projects/vanillyn site/autolibrary/index.html [11ms]
2023-01-28 13:13:19.507 [info] > git ls-files --stage -- /home/vani/Documents/Projects/vanillyn site/autolibrary/package.json [8ms]
2023-01-28 13:13:19.507 [info] > git cat-file -s b2d99d7915440731c00ecb2da96b2431e66cb006 [1ms]
2023-01-28 13:13:19.514 [info] > git show --textconv :.gitignore [1ms]
2023-01-28 13:13:19.526 [info] > git show --textconv :package.json [5ms]
2023-01-28 13:13:19.527 [info] > git show --textconv :index.html [1ms]
2023-01-28 13:13:23.514 [info] > git config --get commit.template [5ms]
2023-01-28 13:13:23.514 [info] > git for-each-ref --format=%(refname)%00%(upstream:short)%00%(objectname)%00%(upstream:track)%00%(upstream:remotename)%00%(upstream:remoteref) refs/heads/main refs/remotes/main [1ms]
2023-01-28 13:13:23.526 [info] > git status -z -uall [6ms]
2023-01-28 13:13:23.528 [info] > git for-each-ref --sort -committerdate --format %(refname) %(objectname) %(*objectname) [1ms]
2023-01-28 13:14:06.373 [info] > git config --get commit.template [8ms]
2023-01-28 13:14:06.374 [info] > git for-each-ref --format=%(refname)%00%(upstream:short)%00%(objectname)%00%(upstream:track)%00%(upstream:remotename)%00%(upstream:remoteref) refs/heads/main refs/remotes/main [1ms]
2023-01-28 13:14:06.394 [info] > git status -z -uall [10ms]
2023-01-28 13:14:06.397 [info] > git for-each-ref --sort -committerdate --format %(refname) %(objectname) %(*objectname) [3ms]
2023-01-28 13:14:11.412 [info] > git config --get commit.template [6ms]
2023-01-28 13:14:11.413 [info] > git for-each-ref --format=%(refname)%00%(upstream:short)%00%(objectname)%00%(upstream:track)%00%(upstream:remotename)%00%(upstream:remoteref) refs/heads/main refs/remotes/main [1ms]
2023-01-28 13:14:11.425 [info] > git status -z -uall [6ms]
2023-01-28 13:14:11.426 [info] > git for-each-ref --sort -committerdate --format %(refname) %(objectname) %(*objectname) [1ms]
2023-01-28 13:14:21.412 [info] > git config --get commit.template [7ms]
2023-01-28 13:14:21.412 [info] > git for-each-ref --format=%(refname)%00%(upstream:short)%00%(objectname)%00%(upstream:track)%00%(upstream:remotename)%00%(upstream:remoteref) refs/heads/main refs/remotes/main [1ms]
2023-01-28 13:14:21.425 [info] > git status -z -uall [7ms]
2023-01-28 13:14:21.426 [info] > git for-each-ref --sort -committerdate --format %(refname) %(objectname) %(*objectname) [1ms]
2023-01-28 13:14:38.832 [info] > git config --get commit.template [7ms]
2023-01-28 13:14:38.832 [info] > git for-each-ref --format=%(refname)%00%(upstream:short)%00%(objectname)%00%(upstream:track)%00%(upstream:remotename)%00%(upstream:remoteref) refs/heads/main refs/remotes/main [1ms]
2023-01-28 13:14:38.843 [info] > git status -z -uall [5ms]
2023-01-28 13:14:38.844 [info] > git for-each-ref --sort -committerdate --format %(refname) %(objectname) %(*objectname) [1ms]
