2023-01-26 16:28:40.293 [info] Extension host with pid 2139509 started
2023-01-26 16:28:40.293 [info] Skipping acquiring lock for /home/vani/.config/VSCodium/User/workspaceStorage/f6aa1b9a6cbe858f49e9b7f390832d58.
2023-01-26 16:28:40.541 [info] ExtensionService#_doActivateExtension vscode.html-language-features, startup: false, activationEvent: 'onLanguage:html'
2023-01-26 16:28:40.541 [info] ExtensionService#_doActivateExtension vscode.git-base, startup: true, activationEvent: '*', root cause: vscode.git
2023-01-26 16:28:40.542 [info] ExtensionService#_doActivateExtension Catppuccin.catppuccin-vsc, startup: true, activationEvent: '*'
2023-01-26 16:28:40.542 [info] ExtensionService#_doActivateExtension Darkempire78.discord-tools, startup: true, activationEvent: '*'
2023-01-26 16:28:40.542 [info] ExtensionService#_doActivateExtension HookyQR.beautify, startup: true, activationEvent: '*'
2023-01-26 16:28:40.542 [info] ExtensionService#_doActivateExtension Janne252.fontawesome-autocomplete, startup: true, activationEvent: '*'
2023-01-26 16:28:41.298 [info] ExtensionService#_doActivateExtension heybourn.headwind, startup: true, activationEvent: 'workspaceContains:**/tailwind.config.js'
2023-01-26 16:28:41.299 [info] ExtensionService#_doActivateExtension vscode.git, startup: true, activationEvent: '*'
2023-01-26 16:28:41.299 [info] ExtensionService#_doActivateExtension vscode.github, startup: true, activationEvent: '*'
2023-01-26 16:28:41.425 [info] Eager extensions activated
2023-01-26 16:28:41.485 [info] ExtensionService#_doActivateExtension vscode.debug-auto-launch, startup: false, activationEvent: 'onStartupFinished'
2023-01-26 16:28:41.486 [info] ExtensionService#_doActivateExtension vscode.emmet, startup: false, activationEvent: 'onStartupFinished'
2023-01-26 16:28:41.486 [info] ExtensionService#_doActivateExtension vscode.merge-conflict, startup: false, activationEvent: 'onStartupFinished'
2023-01-26 16:28:41.486 [info] ExtensionService#_doActivateExtension 21zz.vscord, startup: false, activationEvent: 'onStartupFinished'
2023-01-26 16:28:41.486 [info] ExtensionService#_doActivateExtension bradlc.vscode-tailwindcss, startup: false, activationEvent: 'onStartupFinished'
2023-01-26 16:28:41.486 [info] ExtensionService#_doActivateExtension dbaeumer.vscode-eslint, startup: false, activationEvent: 'onStartupFinished'
2023-01-26 16:28:41.486 [info] ExtensionService#_doActivateExtension equinusocio.vsc-material-theme-icons, startup: false, activationEvent: 'onStartupFinished'
2023-01-26 16:28:41.487 [info] ExtensionService#_doActivateExtension vscode.npm, startup: false, activationEvent: 'onStartupFinished', root cause: esbenp.prettier-vscode
2023-01-26 16:28:41.487 [info] ExtensionService#_doActivateExtension vscode.github-authentication, startup: false, activationEvent: 'onStartupFinished', root cause: GitHub.vscode-pull-request-github
2023-01-26 16:28:41.487 [info] ExtensionService#_doActivateExtension ritwickdey.LiveServer, startup: false, activationEvent: 'onStartupFinished'
2023-01-26 16:28:41.755 [info] ExtensionService#_doActivateExtension GitHub.vscode-pull-request-github, startup: false, activationEvent: 'onStartupFinished'
2023-01-26 16:28:42.274 [info] ExtensionService#_doActivateExtension esbenp.prettier-vscode, startup: false, activationEvent: 'onStartupFinished'
2023-01-26 16:40:24.538 [info] Extension host terminating: received terminate message from renderer
2023-01-26 16:40:24.564 [info] Extension host with pid 2139509 exiting with code 0
