2023-01-25 23:21:20.238 [info] Reading sessions from keychain...
2023-01-25 23:21:20.238 [info] Getting sessions for all scopes...
2023-01-25 23:21:20.238 [info] Got 0 sessions for ...
2023-01-25 23:21:20.269 [info] Getting sessions for read:user,repo,user:email,workflow...
2023-01-25 23:21:20.269 [info] Got 0 sessions for read:user,repo,user:email,workflow...
2023-01-25 23:21:20.356 [info] Getting sessions for read:user,repo,user:email...
2023-01-25 23:21:20.356 [info] Got 0 sessions for read:user,repo,user:email...
2023-01-25 23:21:31.203 [info] Reading sessions from keychain...
2023-01-25 23:21:31.203 [info] Getting sessions for all scopes...
2023-01-25 23:21:31.203 [info] Got 0 sessions for ...
2023-01-25 23:21:31.223 [info] Getting sessions for read:user,repo,user:email,workflow...
2023-01-25 23:21:31.223 [info] Got 0 sessions for read:user,repo,user:email,workflow...
2023-01-25 23:21:31.232 [info] Getting sessions for read:user,repo,user:email...
2023-01-25 23:21:31.232 [info] Got 0 sessions for read:user,repo,user:email...
2023-01-25 23:21:46.337 [info] Reading sessions from keychain...
2023-01-25 23:21:46.441 [info] Getting sessions for all scopes...
2023-01-25 23:21:46.441 [info] Got 0 sessions for ...
2023-01-25 23:21:46.597 [info] Getting sessions for read:user,repo,user:email,workflow...
2023-01-25 23:21:46.597 [info] Got 0 sessions for read:user,repo,user:email,workflow...
2023-01-25 23:21:46.738 [info] Getting sessions for read:user,repo,user:email...
2023-01-25 23:21:46.738 [info] Got 0 sessions for read:user,repo,user:email...
