2023-02-02 20:02:04.194 [info] Reading sessions from keychain...
2023-02-02 20:02:04.194 [info] Getting sessions for all scopes...
2023-02-02 20:02:04.194 [info] Got 0 sessions for ...
2023-02-02 20:02:04.254 [info] Getting sessions for read:user,repo,user:email,workflow...
2023-02-02 20:02:04.254 [info] Got 0 sessions for read:user,repo,user:email,workflow...
2023-02-02 20:02:04.268 [info] Getting sessions for read:user,repo,user:email...
2023-02-02 20:02:04.268 [info] Got 0 sessions for read:user,repo,user:email...
2023-02-02 20:20:23.359 [info] Reading sessions from keychain...
2023-02-02 20:20:23.359 [info] Getting sessions for all scopes...
2023-02-02 20:20:23.359 [info] Got 0 sessions for ...
2023-02-02 20:20:23.490 [info] Getting sessions for read:user,repo,user:email,workflow...
2023-02-02 20:20:23.490 [info] Got 0 sessions for read:user,repo,user:email,workflow...
2023-02-02 20:20:23.546 [info] Getting sessions for read:user,repo,user:email...
2023-02-02 20:20:23.546 [info] Got 0 sessions for read:user,repo,user:email...
2023-02-03 18:14:23.659 [info] Reading sessions from keychain...
2023-02-03 18:14:23.659 [info] Getting sessions for all scopes...
2023-02-03 18:14:23.659 [info] Got 0 sessions for ...
2023-02-03 18:14:23.973 [info] Getting sessions for read:user,repo,user:email,workflow...
2023-02-03 18:14:23.973 [info] Got 0 sessions for read:user,repo,user:email,workflow...
2023-02-03 18:14:24.240 [info] Getting sessions for read:user,repo,user:email...
2023-02-03 18:14:24.240 [info] Got 0 sessions for read:user,repo,user:email...
