[Trace 00:21:53.454] VsCodeClientWorkspace: TextDocument.onDidOpen: file:///home/vani/Documents/Projects/autolibrary/README.MD
[Trace 00:21:53.455] VsCodeClientWorkspace: TextDocument.onDidChanceContent: file:///home/vani/Documents/Projects/autolibrary/README.MD
[Trace 00:21:53.456] Server: connection.languages.diagnostics.on: file:///home/vani/Documents/Projects/autolibrary/README.MD
[Trace 00:21:53.457] Server: connection.languages.diagnostics.on: file:///home/vani/Documents/Projects/autolibrary/README.MD
[Trace 00:21:53.458] DocumentSymbolProvider: provideDocumentSymbols — file:///home/vani/Documents/Projects/autolibrary/README.MD 1
[Debug 00:21:53.459] LinkProvider: compute - file:///home/vani/Documents/Projects/autolibrary/README.MD
[Debug 00:21:53.504] TableOfContentsProvider: create - file:///home/vani/Documents/Projects/autolibrary/README.MD
[Debug 00:21:53.657] MdFoldingProvider: provideFoldingRanges — file:///home/vani/Documents/Projects/autolibrary/README.MD 1
[Trace 00:21:55.130] VsCodeClientWorkspace: TextDocument.onDidChanceContent: file:///home/vani/Documents/Projects/autolibrary/README.MD
[Trace 00:21:55.131] Server: connection.languages.diagnostics.on: file:///home/vani/Documents/Projects/autolibrary/README.MD
[Trace 00:21:55.224] VsCodeClientWorkspace: TextDocument.onDidChanceContent: file:///home/vani/Documents/Projects/autolibrary/README.MD
[Trace 00:21:55.225] Server: connection.languages.diagnostics.on: file:///home/vani/Documents/Projects/autolibrary/README.MD
[Trace 00:21:55.374] VsCodeClientWorkspace: TextDocument.onDidChanceContent: file:///home/vani/Documents/Projects/autolibrary/README.MD
[Trace 00:21:55.374] Server: connection.languages.diagnostics.on: file:///home/vani/Documents/Projects/autolibrary/README.MD
[Trace 00:21:55.471] VsCodeClientWorkspace: TextDocument.onDidChanceContent: file:///home/vani/Documents/Projects/autolibrary/README.MD
[Trace 00:21:55.471] Server: connection.languages.diagnostics.on: file:///home/vani/Documents/Projects/autolibrary/README.MD
[Trace 00:21:55.566] VsCodeClientWorkspace: TextDocument.onDidChanceContent: file:///home/vani/Documents/Projects/autolibrary/README.MD
[Trace 00:21:55.567] Server: connection.languages.diagnostics.on: file:///home/vani/Documents/Projects/autolibrary/README.MD
[Trace 00:21:55.661] VsCodeClientWorkspace: TextDocument.onDidChanceContent: file:///home/vani/Documents/Projects/autolibrary/README.MD
[Trace 00:21:55.661] Server: connection.languages.diagnostics.on: file:///home/vani/Documents/Projects/autolibrary/README.MD
[Debug 00:21:55.857] MdFoldingProvider: provideFoldingRanges — file:///home/vani/Documents/Projects/autolibrary/README.MD 7
[Debug 00:21:55.857] TableOfContentsProvider: create - file:///home/vani/Documents/Projects/autolibrary/README.MD
[Debug 00:21:55.909] LinkProvider: compute - file:///home/vani/Documents/Projects/autolibrary/README.MD
[Trace 00:21:56.007] DocumentSymbolProvider: provideDocumentSymbols — file:///home/vani/Documents/Projects/autolibrary/README.MD 7
[Trace 00:21:56.149] VsCodeClientWorkspace: TextDocument.onDidChanceContent: file:///home/vani/Documents/Projects/autolibrary/README.MD
[Trace 00:21:56.149] Server: connection.languages.diagnostics.on: file:///home/vani/Documents/Projects/autolibrary/README.MD
[Trace 00:21:56.350] VsCodeClientWorkspace: TextDocument.onDidChanceContent: file:///home/vani/Documents/Projects/autolibrary/README.MD
[Trace 00:21:56.350] Server: connection.languages.diagnostics.on: file:///home/vani/Documents/Projects/autolibrary/README.MD
[Trace 00:21:56.550] VsCodeClientWorkspace: TextDocument.onDidChanceContent: file:///home/vani/Documents/Projects/autolibrary/README.MD
[Trace 00:21:56.550] Server: connection.languages.diagnostics.on: file:///home/vani/Documents/Projects/autolibrary/README.MD
[Debug 00:21:56.743] MdFoldingProvider: provideFoldingRanges — file:///home/vani/Documents/Projects/autolibrary/README.MD 10
[Debug 00:21:56.743] TableOfContentsProvider: create - file:///home/vani/Documents/Projects/autolibrary/README.MD
[Trace 00:21:56.894] DocumentSymbolProvider: provideDocumentSymbols — file:///home/vani/Documents/Projects/autolibrary/README.MD 10
[Debug 00:21:56.894] LinkProvider: compute - file:///home/vani/Documents/Projects/autolibrary/README.MD
[Trace 00:21:58.536] Server: connection.languages.diagnostics.on: file:///home/vani/Documents/Projects/autolibrary/README.MD
[Trace 00:25:59.941] VsCodeClientWorkspace: TextDocument.onDidClose: file:///home/vani/Documents/Projects/autolibrary/README.MD
[Trace 00:25:59.941] VsCodeClientWorkspace: deleteDocument: file:///home/vani/Documents/Projects/autolibrary/README.MD
[Trace 00:25:59.942] Server: connection.languages.diagnostics.on: file:///home/vani/Documents/Projects/autolibrary/README.md
[Trace 00:25:59.942] Server: connection.languages.diagnostics.on: file:///home/vani/Documents/Projects/autolibrary/README.MD
[Trace 00:25:59.942] VsCodeClientWorkspace: TextDocument.onDidOpen: file:///home/vani/Documents/Projects/autolibrary/README.md
[Trace 00:25:59.942] VsCodeClientWorkspace: TextDocument.onDidChanceContent: file:///home/vani/Documents/Projects/autolibrary/README.md
[Trace 00:25:59.946] Server: connection.languages.diagnostics.on: file:///home/vani/Documents/Projects/autolibrary/README.md
[Trace 00:26:00.142] Server: connection.languages.diagnostics.on: file:///home/vani/Documents/Projects/autolibrary/README.md
[Trace 00:26:00.193] VsCodeClientWorkspace: onDidChangeWatchedFiles: 1: file:///home/vani/Documents/Projects/autolibrary/README.md
[Trace 00:26:05.761] VsCodeClientWorkspace: onDidChangeWatchedFiles: 2: file:///home/vani/Documents/Projects/autolibrary/README.md
[Trace 01:19:36.920] Server: connection.languages.diagnostics.on: file:///home/vani/Documents/Projects/autolibrary/README.md
[Trace 01:50:43.010] VsCodeClientWorkspace: TextDocument.onDidOpen: file:///home/vani/Documents/Projects/autolibrary/README.MD
[Trace 01:50:43.010] VsCodeClientWorkspace: TextDocument.onDidChanceContent: file:///home/vani/Documents/Projects/autolibrary/README.MD
[Trace 01:50:43.300] VsCodeClientWorkspace: onDidChangeWatchedFiles: 3: file:///home/vani/Documents/Projects/autolibrary/README.md
[Trace 01:50:43.300] VsCodeClientWorkspace: deleteDocument: file:///home/vani/Documents/Projects/autolibrary/README.md
