2023-01-26 19:20:51.252 [info] Added views:workbench.panel.markers.view in workbench.panel.markers
2023-01-26 19:20:51.252 [info] Added views:workbench.panel.output in workbench.panel.output
2023-01-26 19:20:51.252 [info] Added views:terminal in terminal
2023-01-26 19:20:51.252 [info] Added views:outline in workbench.view.explorer
2023-01-26 19:20:51.252 [info] Added views:workbench.scm in workbench.view.scm
2023-01-26 19:20:51.252 [info] Added views:workbench.view.search in workbench.view.search
2023-01-26 19:20:51.252 [info] Added views:timeline in workbench.view.explorer
2023-01-26 19:20:51.252 [info] Added views:workbench.explorer.fileView in workbench.view.explorer
2023-01-26 19:20:51.252 [info] Added views:workbench.debug.variablesView,workbench.debug.watchExpressionsView,workbench.debug.callStackView,workbench.debug.breakPointsView in workbench.view.debug
2023-01-26 19:20:51.641 [info] Added views:discordTreeView in workbench.view.explorer
2023-01-26 19:20:51.654 [info] Added views:pr:github,issues:github in workbench.view.extension.github-pull-requests
2023-01-26 19:20:52.089 [info] Added views:workbench.panel.repl.view in workbench.panel.repl
2023-01-26 19:20:52.090 [info] Removed views:workbench.debug.breakPointsView,workbench.debug.callStackView,workbench.debug.watchExpressionsView,workbench.debug.variablesView from workbench.view.debug
2023-01-26 19:20:52.094 [info] Added views:workbench.debug.welcome in workbench.view.debug
2023-01-26 19:20:53.346 [info] Removed views:issues:github,pr:github from workbench.view.extension.github-pull-requests
2023-01-26 19:20:53.347 [info] Added views:github:login in workbench.view.extension.github-pull-requests
2023-01-26 19:20:53.390 [info] Added views:github:activePullRequest:welcome in workbench.view.extension.github-pull-request
2023-01-26 19:20:53.391 [info] Removed views:github:activePullRequest:welcome from workbench.view.extension.github-pull-request
2023-01-26 19:32:57.951 [info] Added views:workbench.views.extensions.installed,workbench.views.extensions.popular,extensions.recommendedList in workbench.view.extensions
2023-01-26 19:32:57.954 [info] Removed views:workbench.views.extensions.popular from workbench.view.extensions
2023-01-26 19:32:58.499 [info] Removed views:extensions.recommendedList,workbench.views.extensions.installed from workbench.view.extensions
2023-01-26 19:32:58.524 [info] Added views:workbench.views.extensions.marketplace in workbench.view.extensions
2023-01-26 20:54:52.473 [info] Removed views:workbench.views.extensions.marketplace from workbench.view.extensions
2023-01-26 20:54:52.485 [info] Added views:workbench.views.extensions.installed,extensions.recommendedList in workbench.view.extensions
2023-01-26 20:54:54.855 [info] Removed views:extensions.recommendedList,workbench.views.extensions.installed from workbench.view.extensions
2023-01-26 20:54:54.872 [info] Added views:workbench.views.extensions.marketplace in workbench.view.extensions
