2023-01-25 23:21:17.834 [info] Added views:workbench.panel.markers.view in workbench.panel.markers
2023-01-25 23:21:17.834 [info] Added views:workbench.panel.output in workbench.panel.output
2023-01-25 23:21:17.834 [info] Added views:terminal in terminal
2023-01-25 23:21:17.834 [info] Added views:outline in workbench.view.explorer
2023-01-25 23:21:17.834 [info] Added views:workbench.scm in workbench.view.scm
2023-01-25 23:21:17.834 [info] Added views:workbench.view.search in workbench.view.search
2023-01-25 23:21:17.834 [info] Added views:timeline in workbench.view.explorer
2023-01-25 23:21:17.834 [info] Added views:workbench.explorer.fileView in workbench.view.explorer
2023-01-25 23:21:18.120 [info] Added views:workbench.debug.welcome in workbench.view.debug
2023-01-25 23:21:18.430 [info] Added views:discordTreeView in workbench.view.explorer
2023-01-25 23:21:18.452 [info] Added views:pr:github,issues:github in workbench.view.extension.github-pull-requests
2023-01-25 23:21:18.954 [info] Added views:workbench.panel.repl.view in workbench.panel.repl
2023-01-25 23:21:29.692 [info] Added views:workbench.panel.markers.view in workbench.panel.markers
2023-01-25 23:21:29.692 [info] Added views:workbench.panel.output in workbench.panel.output
2023-01-25 23:21:29.693 [info] Added views:terminal in terminal
2023-01-25 23:21:29.693 [info] Added views:outline in workbench.view.explorer
2023-01-25 23:21:29.693 [info] Added views:workbench.scm in workbench.view.scm
2023-01-25 23:21:29.693 [info] Added views:workbench.view.search in workbench.view.search
2023-01-25 23:21:29.693 [info] Added views:timeline in workbench.view.explorer
2023-01-25 23:21:29.693 [info] Added views:workbench.explorer.emptyView in workbench.view.explorer
2023-01-25 23:21:29.693 [info] Added views:workbench.debug.variablesView,workbench.debug.watchExpressionsView,workbench.debug.callStackView,workbench.debug.breakPointsView in workbench.view.debug
2023-01-25 23:21:30.063 [info] Added views:discordTreeView in workbench.view.explorer
2023-01-25 23:21:30.065 [info] Added views:pr:github,issues:github in workbench.view.extension.github-pull-requests
2023-01-25 23:21:30.398 [info] Added views:workbench.panel.repl.view in workbench.panel.repl
2023-01-25 23:21:30.400 [info] Removed views:workbench.debug.breakPointsView,workbench.debug.callStackView,workbench.debug.watchExpressionsView,workbench.debug.variablesView from workbench.view.debug
2023-01-25 23:21:30.401 [info] Added views:workbench.debug.welcome in workbench.view.debug
2023-01-25 23:21:43.251 [info] Added views:workbench.panel.markers.view in workbench.panel.markers
2023-01-25 23:21:43.251 [info] Added views:workbench.panel.output in workbench.panel.output
2023-01-25 23:21:43.251 [info] Added views:terminal in terminal
2023-01-25 23:21:43.251 [info] Added views:outline in workbench.view.explorer
2023-01-25 23:21:43.251 [info] Added views:workbench.scm in workbench.view.scm
2023-01-25 23:21:43.251 [info] Added views:workbench.view.search in workbench.view.search
2023-01-25 23:21:43.251 [info] Added views:timeline in workbench.view.explorer
2023-01-25 23:21:43.251 [info] Added views:workbench.explorer.fileView in workbench.view.explorer
2023-01-25 23:21:43.368 [info] Added views:workbench.debug.welcome in workbench.view.debug
2023-01-25 23:21:43.833 [info] Added views:discordTreeView in workbench.view.explorer
2023-01-25 23:21:43.847 [info] Added views:pr:github,issues:github in workbench.view.extension.github-pull-requests
2023-01-25 23:21:44.554 [info] Added views:workbench.panel.repl.view in workbench.panel.repl
2023-01-25 23:21:46.941 [info] Removed views:issues:github,pr:github from workbench.view.extension.github-pull-requests
2023-01-25 23:21:46.941 [info] Added views:github:login in workbench.view.extension.github-pull-requests
2023-01-25 23:21:47.089 [info] Added views:github:activePullRequest:welcome in workbench.view.extension.github-pull-request
2023-01-25 23:21:47.091 [info] Removed views:github:activePullRequest:welcome from workbench.view.extension.github-pull-request
