2023-01-26 16:28:41.676 [info] Log level: Info
2023-01-26 16:28:41.676 [info] Validating found git in: "git"
2023-01-26 16:28:41.676 [info] Using git "2.39.1" from "git"
2023-01-26 16:28:41.676 [info] > git rev-parse --show-toplevel [15ms]
2023-01-26 16:28:41.676 [info] > git rev-parse --git-dir --git-common-dir [1ms]
2023-01-26 16:28:41.676 [info] Open repository: /home/vani/Documents/Projects/vanillyn2
2023-01-26 16:28:41.676 [info] > git config --get commit.template [4ms]
2023-01-26 16:28:41.676 [info] > git rev-parse --show-toplevel [191ms]
2023-01-26 16:28:41.740 [info] > git fetch [278ms]
2023-01-26 16:28:41.741 [info] > git rev-parse --show-toplevel [67ms]
2023-01-26 16:28:41.832 [info] > git for-each-ref --format=%(refname)%00%(upstream:short)%00%(objectname)%00%(upstream:track)%00%(upstream:remotename)%00%(upstream:remoteref) refs/heads/main refs/remotes/main [94ms]
2023-01-26 16:28:41.851 [info] > git config --get commit.template [28ms]
2023-01-26 16:28:41.852 [info] > git rev-parse --show-toplevel [101ms]
2023-01-26 16:28:41.901 [info] > git config --get commit.template [53ms]
2023-01-26 16:28:41.958 [info] > git rev-parse --show-toplevel [94ms]
2023-01-26 16:28:41.981 [info] > git for-each-ref --format=%(refname)%00%(upstream:short)%00%(objectname)%00%(upstream:track)%00%(upstream:remotename)%00%(upstream:remoteref) refs/heads/main refs/remotes/main [40ms]
2023-01-26 16:28:41.984 [info] > git rev-parse --show-toplevel [17ms]
2023-01-26 16:28:42.014 [info] > git rev-parse --show-toplevel [20ms]
2023-01-26 16:28:42.019 [info] > git for-each-ref --format=%(refname)%00%(upstream:short)%00%(objectname)%00%(upstream:track)%00%(upstream:remotename)%00%(upstream:remoteref) refs/heads/main refs/remotes/main [41ms]
2023-01-26 16:28:42.057 [info] > git check-ignore -v -z --stdin [55ms]
2023-01-26 16:28:42.057 [info] > git status -z -uall [29ms]
2023-01-26 16:28:42.069 [info] > git for-each-ref --sort -committerdate --format %(refname) %(objectname) %(*objectname) [31ms]
2023-01-26 16:28:42.313 [info] > git show --textconv :index.html [66ms]
2023-01-26 16:28:42.313 [info] > git ls-files --stage -- /home/vani/Documents/Projects/vanillyn2/index.html [55ms]
2023-01-26 16:28:42.344 [info] > git cat-file -s 5cf48700ee2f98deb2afb37f6f97e882202d48ea [22ms]
2023-01-26 16:28:42.437 [info] > git config --local branch.main.github-pr-owner-number [2ms]
2023-01-26 16:28:42.955 [info] > git ls-files --stage -- /home/vani/Documents/Projects/vanillyn2/index.html [2ms]
2023-01-26 16:28:42.964 [info] > git cat-file -s 5cf48700ee2f98deb2afb37f6f97e882202d48ea [1ms]
2023-01-26 16:28:42.983 [info] > git show --textconv :index.html [2ms]
2023-01-26 16:28:51.187 [info] > git config --get commit.template [7ms]
2023-01-26 16:28:51.188 [info] > git for-each-ref --format=%(refname)%00%(upstream:short)%00%(objectname)%00%(upstream:track)%00%(upstream:remotename)%00%(upstream:remoteref) refs/heads/main refs/remotes/main [1ms]
2023-01-26 16:28:51.200 [info] > git status -z -uall [7ms]
2023-01-26 16:28:51.201 [info] > git for-each-ref --sort -committerdate --format %(refname) %(objectname) %(*objectname) [1ms]
2023-01-26 16:28:59.161 [info] > git show --textconv :about/index.html [6ms]
2023-01-26 16:28:59.162 [info] > git ls-files --stage -- /home/vani/Documents/Projects/vanillyn2/about/index.html [1ms]
2023-01-26 16:28:59.169 [info] > git cat-file -s 0d3b20f9ade3151e846fdee6f71500e6ebf34af4 [1ms]
