2023-02-02 20:01:59.011 [info] update#setState idle
2023-02-02 20:02:00.615 [info] Starting extension host with pid 246772 (fork() took 10 ms).
2023-02-02 20:02:29.013 [info] update#setState checking for updates
2023-02-02 20:02:29.474 [info] update#setState idle
2023-02-02 20:20:19.681 [info] Extension host with pid 246772 exited with code: 0, signal: null.
2023-02-02 20:20:21.411 [info] Starting extension host with pid 2319626 (fork() took 17 ms).
2023-02-02 21:02:29.112 [info] update#setState checking for updates
2023-02-02 21:02:29.447 [info] update#setState idle
2023-02-02 22:00:19.115 [info] Enabling inspect port on extension host with pid 2319626.
2023-02-02 22:02:29.211 [info] update#setState checking for updates
2023-02-02 22:02:29.585 [info] update#setState idle
2023-02-02 23:02:29.311 [info] update#setState checking for updates
2023-02-02 23:02:29.690 [info] update#setState idle
2023-02-03 00:02:29.410 [info] update#setState checking for updates
2023-02-03 00:02:29.748 [info] update#setState idle
2023-02-03 01:02:29.497 [info] update#setState checking for updates
2023-02-03 01:02:29.884 [info] update#setState idle
2023-02-03 02:02:29.573 [info] update#setState checking for updates
2023-02-03 02:02:29.950 [info] update#setState idle
2023-02-03 03:02:29.636 [info] update#setState checking for updates
2023-02-03 03:02:30.708 [info] update#setState idle
2023-02-03 04:02:29.686 [info] update#setState checking for updates
2023-02-03 04:02:30.030 [info] update#setState idle
2023-02-03 05:02:29.725 [info] update#setState checking for updates
2023-02-03 05:02:30.090 [info] update#setState idle
2023-02-03 06:02:29.752 [info] update#setState checking for updates
2023-02-03 06:02:30.291 [info] update#setState idle
2023-02-03 07:02:29.768 [info] update#setState checking for updates
2023-02-03 07:02:30.127 [info] update#setState idle
2023-02-03 08:02:29.771 [info] update#setState checking for updates
2023-02-03 08:02:30.119 [info] update#setState idle
2023-02-03 09:02:29.827 [info] update#setState checking for updates
2023-02-03 09:02:30.173 [info] update#setState idle
2023-02-03 10:02:29.927 [info] update#setState checking for updates
2023-02-03 10:02:30.277 [info] update#setState idle
2023-02-03 11:02:29.970 [info] update#setState checking for updates
2023-02-03 11:02:30.306 [info] update#setState idle
2023-02-03 12:02:30.006 [info] update#setState checking for updates
2023-02-03 12:02:30.366 [info] update#setState idle
2023-02-03 13:02:30.032 [info] update#setState checking for updates
2023-02-03 13:02:30.407 [info] update#setState idle
2023-02-03 14:02:30.055 [info] update#setState checking for updates
2023-02-03 14:02:30.386 [info] update#setState idle
2023-02-03 15:02:30.072 [info] update#setState checking for updates
2023-02-03 15:02:30.446 [info] update#setState idle
2023-02-03 16:02:30.171 [info] update#setState checking for updates
2023-02-03 16:02:30.529 [info] update#setState idle
2023-02-03 17:02:30.271 [info] update#setState checking for updates
2023-02-03 17:02:30.624 [info] update#setState idle
2023-02-03 18:02:30.371 [info] update#setState checking for updates
2023-02-03 18:02:30.870 [info] update#setState idle
2023-02-03 18:14:18.902 [info] Extension host with pid 2319626 exited with code: 0, signal: null.
2023-02-03 18:14:20.729 [info] Starting extension host with pid 3571179 (fork() took 8 ms).
2023-02-03 19:02:30.470 [info] update#setState checking for updates
2023-02-03 19:02:35.887 [info] update#setState idle
2023-02-03 20:02:30.570 [info] update#setState checking for updates
2023-02-03 20:02:31.137 [info] update#setState idle
2023-02-03 20:56:17.724 [info] Starting extension host with pid 3985204 (fork() took 10 ms).
2023-02-03 21:02:30.580 [info] update#setState checking for updates
2023-02-03 21:02:30.928 [info] update#setState idle
2023-02-03 21:09:57.833 [info] Extension host with pid 3985204 exited with code: 0, signal: null.
2023-02-03 22:02:30.680 [info] update#setState checking for updates
2023-02-03 22:02:31.000 [info] update#setState idle
2023-02-03 23:02:30.782 [info] update#setState checking for updates
2023-02-03 23:02:31.394 [info] update#setState idle
2023-02-03 23:26:48.662 [info] Starting extension host with pid 3902502 (fork() took 16 ms).
2023-02-03 23:27:13.106 [info] Extension host with pid 3902502 exited with code: 0, signal: null.
2023-02-04 00:02:30.822 [info] update#setState checking for updates
2023-02-04 00:02:31.323 [info] update#setState idle
2023-02-04 00:09:31.116 [info] Enabling inspect port on extension host with pid 3571179.
2023-02-04 00:29:51.380 [info] Waiting for extension host with pid 3571179 to exit.
2023-02-04 00:29:51.411 [info] Extension host with pid 3571179 exited with code: 0, signal: null.
