2023-02-02 20:02:01.341 [info] Starting worker process with pid 247485 (type: fileWatcher, window: 1).
2023-02-02 20:02:04.564 [info] Getting Manifest... bradlc.vscode-tailwindcss
2023-02-02 20:02:04.568 [info] Getting Manifest... catppuccin.catppuccin-vsc
2023-02-02 20:02:05.325 [info] Installing extension: bradlc.vscode-tailwindcss
2023-02-02 20:02:05.435 [info] Installing extension: catppuccin.catppuccin-vsc
2023-02-02 20:02:06.277 [info] Extracted extension to /home/vani/.vscode-oss/extensions/.59481b58-8bff-4b05-89a7-175f9f81b6c9: catppuccin.catppuccin-vsc
2023-02-02 20:02:06.282 [info] Renamed to /home/vani/.vscode-oss/extensions/catppuccin.catppuccin-vsc-2.6.0-universal
2023-02-02 20:02:06.283 [info] Extracting completed. catppuccin.catppuccin-vsc
2023-02-02 20:02:06.293 [info] Extension installed successfully: catppuccin.catppuccin-vsc
2023-02-02 20:02:06.307 [info] Marked extension as uninstalled catppuccin.catppuccin-vsc-2.5.0-universal
2023-02-02 20:02:06.392 [info] Extracted extension to /home/vani/.vscode-oss/extensions/.c507ab16-ab6b-4d07-892c-0bdae9126fbd: bradlc.vscode-tailwindcss
2023-02-02 20:02:06.396 [info] Renamed to /home/vani/.vscode-oss/extensions/bradlc.vscode-tailwindcss-0.9.7-universal
2023-02-02 20:02:06.398 [info] Extracting completed. bradlc.vscode-tailwindcss
2023-02-02 20:02:06.405 [info] Extension installed successfully: bradlc.vscode-tailwindcss
2023-02-02 20:02:06.420 [info] Marked extension as uninstalled bradlc.vscode-tailwindcss-0.9.6-universal
2023-02-02 20:20:19.649 [info] Worker process with pid 247485 terminated normally (type: fileWatcher, window: 1).
2023-02-02 20:20:21.418 [info] Starting worker process with pid 2319606 (type: fileWatcher, window: 1).
2023-02-03 08:20:27.122 [info] Getting Manifest... github.vscode-pull-request-github
2023-02-03 08:20:27.768 [info] Installing extension: github.vscode-pull-request-github
2023-02-03 08:20:28.816 [info] Extracted extension to /home/vani/.vscode-oss/extensions/.48bb1ff9-2d77-402c-b9b5-561c019bcecd: github.vscode-pull-request-github
2023-02-03 08:20:28.821 [info] Renamed to /home/vani/.vscode-oss/extensions/github.vscode-pull-request-github-0.58.0-universal
2023-02-03 08:20:28.825 [info] Extracting completed. github.vscode-pull-request-github
2023-02-03 08:20:28.833 [info] Extension installed successfully: github.vscode-pull-request-github
2023-02-03 08:20:28.855 [info] Marked extension as uninstalled github.vscode-pull-request-github-0.56.0-universal
2023-02-03 18:14:18.876 [info] Worker process with pid 2319606 terminated normally (type: fileWatcher, window: 1).
2023-02-03 18:14:20.843 [info] Starting worker process with pid 3571294 (type: fileWatcher, window: 1).
2023-02-03 20:56:17.727 [info] Starting worker process with pid 3985190 (type: fileWatcher, window: 3).
2023-02-03 21:09:57.834 [info] Worker process with pid 3985190 terminated normally (type: fileWatcher, window: 3).
2023-02-03 23:26:48.667 [info] Starting worker process with pid 3902481 (type: fileWatcher, window: 4).
2023-02-03 23:27:13.095 [info] Worker process with pid 3902481 terminated normally (type: fileWatcher, window: 4).
