2023-01-28 12:52:51.278 [info] Added views:workbench.panel.markers.view in workbench.panel.markers
2023-01-28 12:52:51.279 [info] Added views:workbench.panel.output in workbench.panel.output
2023-01-28 12:52:51.279 [info] Added views:terminal in terminal
2023-01-28 12:52:51.279 [info] Added views:outline in workbench.view.explorer
2023-01-28 12:52:51.279 [info] Added views:workbench.scm in workbench.view.scm
2023-01-28 12:52:51.279 [info] Added views:workbench.view.search in workbench.view.search
2023-01-28 12:52:51.279 [info] Added views:timeline in workbench.view.explorer
2023-01-28 12:52:51.279 [info] Added views:workbench.explorer.emptyView in workbench.view.explorer
2023-01-28 12:52:51.279 [info] Added views:workbench.debug.variablesView,workbench.debug.watchExpressionsView,workbench.debug.callStackView,workbench.debug.breakPointsView in workbench.view.debug
2023-01-28 12:52:51.592 [info] Added views:discordTreeView in workbench.view.explorer
2023-01-28 12:52:51.593 [info] Added views:pr:github,issues:github in workbench.view.extension.github-pull-requests
2023-01-28 12:52:52.612 [info] Added views:workbench.panel.repl.view in workbench.panel.repl
2023-01-28 12:52:52.613 [info] Removed views:workbench.debug.breakPointsView,workbench.debug.callStackView,workbench.debug.watchExpressionsView,workbench.debug.variablesView from workbench.view.debug
2023-01-28 12:52:52.614 [info] Added views:workbench.debug.welcome in workbench.view.debug
2023-01-28 12:53:10.741 [info] Added views:workbench.panel.markers.view in workbench.panel.markers
2023-01-28 12:53:10.741 [info] Added views:workbench.panel.output in workbench.panel.output
2023-01-28 12:53:10.741 [info] Added views:terminal in terminal
2023-01-28 12:53:10.741 [info] Added views:outline in workbench.view.explorer
2023-01-28 12:53:10.741 [info] Added views:workbench.scm in workbench.view.scm
2023-01-28 12:53:10.741 [info] Added views:workbench.view.search in workbench.view.search
2023-01-28 12:53:10.741 [info] Added views:timeline in workbench.view.explorer
2023-01-28 12:53:10.741 [info] Added views:workbench.explorer.fileView in workbench.view.explorer
2023-01-28 12:53:10.741 [info] Added views:workbench.debug.variablesView,workbench.debug.watchExpressionsView,workbench.debug.callStackView,workbench.debug.breakPointsView in workbench.view.debug
2023-01-28 12:53:11.055 [info] Added views:discordTreeView in workbench.view.explorer
2023-01-28 12:53:11.069 [info] Added views:pr:github,issues:github in workbench.view.extension.github-pull-requests
2023-01-28 12:53:11.483 [info] Added views:workbench.panel.repl.view in workbench.panel.repl
2023-01-28 12:53:11.483 [info] Removed views:workbench.debug.breakPointsView,workbench.debug.callStackView,workbench.debug.watchExpressionsView,workbench.debug.variablesView from workbench.view.debug
2023-01-28 12:53:11.483 [info] Added views:workbench.debug.welcome in workbench.view.debug
2023-01-28 12:53:12.293 [info] Removed views:issues:github,pr:github from workbench.view.extension.github-pull-requests
2023-01-28 12:53:12.294 [info] Added views:github:login in workbench.view.extension.github-pull-requests
2023-01-28 12:53:12.332 [info] Added views:github:activePullRequest:welcome in workbench.view.extension.github-pull-request
2023-01-28 12:53:12.333 [info] Removed views:github:activePullRequest:welcome from workbench.view.extension.github-pull-request
