2023-02-02 20:02:00.403 [info] Added views:workbench.panel.markers.view in workbench.panel.markers
2023-02-02 20:02:00.403 [info] Added views:workbench.panel.output in workbench.panel.output
2023-02-02 20:02:00.403 [info] Added views:terminal in terminal
2023-02-02 20:02:00.403 [info] Added views:outline in workbench.view.explorer
2023-02-02 20:02:00.403 [info] Added views:workbench.scm in workbench.view.scm
2023-02-02 20:02:00.403 [info] Added views:workbench.view.search in workbench.view.search
2023-02-02 20:02:00.403 [info] Added views:timeline in workbench.view.explorer
2023-02-02 20:02:00.403 [info] Added views:workbench.explorer.emptyView in workbench.view.explorer
2023-02-02 20:02:00.601 [info] Added views:workbench.debug.variablesView,workbench.debug.watchExpressionsView,workbench.debug.callStackView,workbench.debug.breakPointsView in workbench.view.debug
2023-02-02 20:02:01.253 [info] Added views:discordTreeView in workbench.view.explorer
2023-02-02 20:02:01.254 [info] Added views:pr:github,issues:github in workbench.view.extension.github-pull-requests
2023-02-02 20:02:02.224 [info] Added views:workbench.panel.repl.view in workbench.panel.repl
2023-02-02 20:02:02.226 [info] Removed views:workbench.debug.breakPointsView,workbench.debug.callStackView,workbench.debug.watchExpressionsView,workbench.debug.variablesView from workbench.view.debug
2023-02-02 20:02:02.226 [info] Added views:workbench.debug.welcome in workbench.view.debug
2023-02-02 20:20:21.297 [info] Added views:workbench.panel.markers.view in workbench.panel.markers
2023-02-02 20:20:21.297 [info] Added views:workbench.panel.output in workbench.panel.output
2023-02-02 20:20:21.297 [info] Added views:terminal in terminal
2023-02-02 20:20:21.297 [info] Added views:outline in workbench.view.explorer
2023-02-02 20:20:21.297 [info] Added views:workbench.scm in workbench.view.scm
2023-02-02 20:20:21.297 [info] Added views:workbench.view.search in workbench.view.search
2023-02-02 20:20:21.297 [info] Added views:timeline in workbench.view.explorer
2023-02-02 20:20:21.297 [info] Added views:workbench.explorer.fileView in workbench.view.explorer
2023-02-02 20:20:21.737 [info] Added views:discordTreeView in workbench.view.explorer
2023-02-02 20:20:21.756 [info] Added views:pr:github,issues:github in workbench.view.extension.github-pull-requests
2023-02-02 20:20:21.953 [info] Added views:workbench.debug.variablesView,workbench.debug.watchExpressionsView,workbench.debug.callStackView,workbench.debug.breakPointsView in workbench.view.debug
2023-02-02 20:20:22.224 [info] Added views:workbench.panel.repl.view in workbench.panel.repl
2023-02-02 20:20:22.227 [info] Removed views:workbench.debug.breakPointsView,workbench.debug.callStackView,workbench.debug.watchExpressionsView,workbench.debug.variablesView from workbench.view.debug
2023-02-02 20:20:22.229 [info] Added views:workbench.debug.welcome in workbench.view.debug
2023-02-02 20:20:23.588 [info] Removed views:issues:github,pr:github from workbench.view.extension.github-pull-requests
2023-02-02 20:20:23.590 [info] Added views:github:login in workbench.view.extension.github-pull-requests
2023-02-02 20:20:23.716 [info] Added views:github:activePullRequest:welcome in workbench.view.extension.github-pull-request
2023-02-02 20:20:23.716 [info] Removed views:github:activePullRequest:welcome from workbench.view.extension.github-pull-request
2023-02-03 18:14:20.448 [info] Added views:workbench.panel.markers.view in workbench.panel.markers
2023-02-03 18:14:20.448 [info] Added views:workbench.panel.output in workbench.panel.output
2023-02-03 18:14:20.448 [info] Added views:terminal in terminal
2023-02-03 18:14:20.448 [info] Added views:outline in workbench.view.explorer
2023-02-03 18:14:20.448 [info] Added views:workbench.scm in workbench.view.scm
2023-02-03 18:14:20.448 [info] Added views:workbench.view.search in workbench.view.search
2023-02-03 18:14:20.448 [info] Added views:timeline in workbench.view.explorer
2023-02-03 18:14:20.448 [info] Added views:workbench.explorer.fileView in workbench.view.explorer
2023-02-03 18:14:20.657 [info] Added views:workbench.debug.welcome in workbench.view.debug
2023-02-03 18:14:21.122 [info] Added views:discordTreeView in workbench.view.explorer
2023-02-03 18:14:21.143 [info] Added views:pr:github,issues:github in workbench.view.extension.github-pull-requests
2023-02-03 18:14:21.952 [info] Added views:workbench.panel.repl.view in workbench.panel.repl
2023-02-03 18:14:24.331 [info] Removed views:issues:github,pr:github from workbench.view.extension.github-pull-requests
2023-02-03 18:14:24.331 [info] Added views:github:login in workbench.view.extension.github-pull-requests
2023-02-03 18:14:24.470 [info] Added views:github:activePullRequest:welcome in workbench.view.extension.github-pull-request
2023-02-03 18:14:24.471 [info] Removed views:github:activePullRequest:welcome from workbench.view.extension.github-pull-request
